1 1 blur_hor parallel_bc 0.348111
1 1 blur_ver parallel_bc 0.380857
1 1 blur_hor execute 3.249803
1 1 blur_ver execute 5.832727
1 1 blur_hor parallel_bc 0.494682
1 1 blur_ver parallel_bc 0.485796
1 1 blur_hor execute 4.209803
1 1 blur_ver execute 4.181047
1 1 blur_hor parallel_bc 0.357942
1 1 blur_ver parallel_bc 0.355605
1 1 blur_hor execute 3.462524
1 1 blur_ver execute 4.771589
1 1 blur_hor parallel_bc 0.384771
1 1 blur_ver parallel_bc 0.353682
1 1 blur_hor execute 3.493609
1 1 blur_ver execute 4.771791
1 1 blur_hor parallel_bc 0.345642
1 1 blur_ver parallel_bc 0.355295
1 1 blur_hor execute 3.631195
1 1 blur_ver execute 4.772966
1 1 blur_hor parallel_bc 0.355618
1 1 blur_ver parallel_bc 0.361763
1 1 blur_hor execute 3.621750
1 1 blur_ver execute 4.774967
1 1 blur_hor parallel_bc 0.355107
1 1 blur_ver parallel_bc 0.348806
1 1 blur_hor execute 3.570952
1 1 blur_ver execute 4.787643
1 1 blur_hor parallel_bc 0.457927
1 1 blur_ver parallel_bc 0.494261
1 1 blur_hor execute 4.210743
1 1 blur_ver execute 4.690952
1 1 blur_hor parallel_bc 0.482708
1 1 blur_ver parallel_bc 0.491148
1 1 blur_hor execute 4.213457
1 1 blur_ver execute 4.293781
1 1 blur_hor parallel_bc 0.362124
1 1 blur_ver parallel_bc 0.356972
1 1 blur_hor execute 3.771521
1 1 blur_ver execute 4.774202
1 2 blur_hor parallel_bc 0.522596
1 2 blur_ver parallel_bc 0.525626
1 2 blur_hor execute 4.140147
1 2 blur_ver execute 4.325230
1 2 blur_hor parallel_bc 0.379161
1 2 blur_ver parallel_bc 0.381681
1 2 blur_hor execute 3.535587
1 2 blur_ver execute 4.724553
1 2 blur_hor parallel_bc 0.367840
1 2 blur_ver parallel_bc 0.380537
1 2 blur_hor execute 3.898379
1 2 blur_ver execute 5.456134
1 2 blur_hor parallel_bc 0.380923
1 2 blur_ver parallel_bc 0.389754
1 2 blur_hor execute 4.270302
1 2 blur_ver execute 5.181630
1 2 blur_hor parallel_bc 0.376675
1 2 blur_ver parallel_bc 0.384893
1 2 blur_hor execute 3.697885
1 2 blur_ver execute 4.736952
1 2 blur_hor parallel_bc 0.517963
1 2 blur_ver parallel_bc 0.522429
1 2 blur_hor execute 4.155984
1 2 blur_ver execute 4.322308
1 2 blur_hor parallel_bc 0.371766
1 2 blur_ver parallel_bc 0.372068
1 2 blur_hor execute 3.582563
1 2 blur_ver execute 4.719871
1 2 blur_hor parallel_bc 0.380648
1 2 blur_ver parallel_bc 0.378160
1 2 blur_hor execute 3.764793
1 2 blur_ver execute 4.718703
1 2 blur_hor parallel_bc 0.515513
1 2 blur_ver parallel_bc 0.531798
1 2 blur_hor execute 4.143480
1 2 blur_ver execute 4.376782
1 2 blur_hor parallel_bc 0.371540
1 2 blur_ver parallel_bc 0.371853
1 2 blur_hor execute 3.733360
1 2 blur_ver execute 5.579719
1 4 blur_hor parallel_bc 0.511353
1 4 blur_ver parallel_bc 0.517378
1 4 blur_hor execute 4.104986
1 4 blur_ver execute 4.387670
1 4 blur_hor parallel_bc 0.381802
1 4 blur_ver parallel_bc 0.381363
1 4 blur_hor execute 3.737489
1 4 blur_ver execute 4.683013
1 4 blur_hor parallel_bc 0.516946
1 4 blur_ver parallel_bc 0.516590
1 4 blur_hor execute 4.104009
1 4 blur_ver execute 4.139961
1 4 blur_hor parallel_bc 0.374223
1 4 blur_ver parallel_bc 0.380155
1 4 blur_hor execute 3.344601
1 4 blur_ver execute 5.861022
1 4 blur_hor parallel_bc 0.513810
1 4 blur_ver parallel_bc 0.516075
1 4 blur_hor execute 4.105884
1 4 blur_ver execute 4.218856
1 4 blur_hor parallel_bc 0.391060
1 4 blur_ver parallel_bc 0.387467
1 4 blur_hor execute 3.651287
1 4 blur_ver execute 4.685678
1 4 blur_hor parallel_bc 0.514571
1 4 blur_ver parallel_bc 0.525058
1 4 blur_hor execute 4.101424
1 4 blur_ver execute 4.255677
1 4 blur_hor parallel_bc 0.505106
1 4 blur_ver parallel_bc 0.517242
1 4 blur_hor execute 4.100217
1 4 blur_ver execute 4.244649
1 4 blur_hor parallel_bc 0.376686
1 4 blur_ver parallel_bc 0.380818
1 4 blur_hor execute 3.560051
1 4 blur_ver execute 4.683059
1 4 blur_hor parallel_bc 0.516311
1 4 blur_ver parallel_bc 0.519628
1 4 blur_hor execute 4.101679
1 4 blur_ver execute 4.363971
1 8 blur_hor parallel_bc 0.500328
1 8 blur_ver parallel_bc 0.497784
1 8 blur_hor execute 4.243994
1 8 blur_ver execute 4.273546
1 8 blur_hor parallel_bc 0.501889
1 8 blur_ver parallel_bc 0.496386
1 8 blur_hor execute 4.247420
1 8 blur_ver execute 4.531872
1 8 blur_hor parallel_bc 0.359231
1 8 blur_ver parallel_bc 0.364849
1 8 blur_hor execute 3.972059
1 8 blur_ver execute 4.671384
1 8 blur_hor parallel_bc 0.499260
1 8 blur_ver parallel_bc 0.500289
1 8 blur_hor execute 4.248419
1 8 blur_ver execute 4.198494
1 8 blur_hor parallel_bc 0.361342
1 8 blur_ver parallel_bc 0.355900
1 8 blur_hor execute 3.796715
1 8 blur_ver execute 4.676047
1 8 blur_hor parallel_bc 0.356257
1 8 blur_ver parallel_bc 0.365463
1 8 blur_hor execute 3.714710
1 8 blur_ver execute 4.699879
1 8 blur_hor parallel_bc 0.495608
1 8 blur_ver parallel_bc 0.501228
1 8 blur_hor execute 4.268450
1 8 blur_ver execute 4.198205
1 8 blur_hor parallel_bc 0.364876
1 8 blur_ver parallel_bc 0.350449
1 8 blur_hor execute 4.133891
1 8 blur_ver execute 5.305048
1 8 blur_hor parallel_bc 0.364928
1 8 blur_ver parallel_bc 0.366090
1 8 blur_hor execute 3.985336
1 8 blur_ver execute 4.690198
1 8 blur_hor parallel_bc 0.495935
1 8 blur_ver parallel_bc 0.497457
1 8 blur_hor execute 4.242013
1 8 blur_ver execute 4.178714
1 16 blur_hor parallel_bc 0.373890
1 16 blur_ver parallel_bc 0.356651
1 16 blur_hor execute 3.721736
1 16 blur_ver execute 4.665616
1 16 blur_hor parallel_bc 0.369019
1 16 blur_ver parallel_bc 0.361210
1 16 blur_hor execute 3.739620
1 16 blur_ver execute 4.664670
1 16 blur_hor parallel_bc 0.496971
1 16 blur_ver parallel_bc 0.493384
1 16 blur_hor execute 4.266677
1 16 blur_ver execute 3.957881
1 16 blur_hor parallel_bc 0.498334
1 16 blur_ver parallel_bc 0.498897
1 16 blur_hor execute 4.257469
1 16 blur_ver execute 4.161682
1 16 blur_hor parallel_bc 0.499319
1 16 blur_ver parallel_bc 0.505185
1 16 blur_hor execute 4.253929
1 16 blur_ver execute 4.200503
1 16 blur_hor parallel_bc 0.502843
1 16 blur_ver parallel_bc 0.502261
1 16 blur_hor execute 4.272456
1 16 blur_ver execute 4.246054
1 16 blur_hor parallel_bc 0.361548
1 16 blur_ver parallel_bc 0.365529
1 16 blur_hor execute 3.676667
1 16 blur_ver execute 4.704751
1 16 blur_hor parallel_bc 0.496885
1 16 blur_ver parallel_bc 0.494687
1 16 blur_hor execute 4.262490
1 16 blur_ver execute 4.255935
1 16 blur_hor parallel_bc 0.364649
1 16 blur_ver parallel_bc 0.366000
1 16 blur_hor execute 3.707416
1 16 blur_ver execute 5.614565
1 16 blur_hor parallel_bc 0.377122
1 16 blur_ver parallel_bc 0.365185
1 16 blur_hor execute 4.423591
1 16 blur_ver execute 5.037346
1 32 blur_hor parallel_bc 0.355098
1 32 blur_ver parallel_bc 0.360176
1 32 blur_hor execute 3.801056
1 32 blur_ver execute 4.658958
1 32 blur_hor parallel_bc 0.358048
1 32 blur_ver parallel_bc 0.356111
1 32 blur_hor execute 3.692057
1 32 blur_ver execute 4.657868
1 32 blur_hor parallel_bc 0.489926
1 32 blur_ver parallel_bc 0.492219
1 32 blur_hor execute 4.253684
1 32 blur_ver execute 4.178101
1 32 blur_hor parallel_bc 0.499295
1 32 blur_ver parallel_bc 0.508377
1 32 blur_hor execute 4.261239
1 32 blur_ver execute 4.030276
1 32 blur_hor parallel_bc 0.505880
1 32 blur_ver parallel_bc 0.497795
1 32 blur_hor execute 4.247137
1 32 blur_ver execute 4.153017
1 32 blur_hor parallel_bc 0.496528
1 32 blur_ver parallel_bc 0.507225
1 32 blur_hor execute 4.250217
1 32 blur_ver execute 4.209804
1 32 blur_hor parallel_bc 0.368630
1 32 blur_ver parallel_bc 0.368657
1 32 blur_hor execute 4.513521
1 32 blur_ver execute 4.958255
1 32 blur_hor parallel_bc 0.359936
1 32 blur_ver parallel_bc 0.355116
1 32 blur_hor execute 3.805734
1 32 blur_ver execute 4.665015
1 32 blur_hor parallel_bc 0.354309
1 32 blur_ver parallel_bc 0.365633
1 32 blur_hor execute 3.765863
1 32 blur_ver execute 4.658126
1 32 blur_hor parallel_bc 0.499992
1 32 blur_ver parallel_bc 0.497613
1 32 blur_hor execute 4.256415
1 32 blur_ver execute 4.178175
2 1 blur_hor parallel_bc 0.521440
2 1 blur_ver parallel_bc 0.526793
2 1 blur_hor execute 4.199568
2 1 blur_ver execute 4.184180
2 1 blur_hor parallel_bc 0.522103
2 1 blur_ver parallel_bc 0.523622
2 1 blur_hor execute 4.190262
2 1 blur_ver execute 4.186274
2 1 blur_hor parallel_bc 0.372486
2 1 blur_ver parallel_bc 0.388735
2 1 blur_hor execute 3.572360
2 1 blur_ver execute 4.749982
2 1 blur_hor parallel_bc 0.382518
2 1 blur_ver parallel_bc 0.368362
2 1 blur_hor execute 3.632083
2 1 blur_ver execute 4.751248
2 1 blur_hor parallel_bc 0.361708
2 1 blur_ver parallel_bc 0.375391
2 1 blur_hor execute 3.587305
2 1 blur_ver execute 4.753692
2 1 blur_hor parallel_bc 0.514201
2 1 blur_ver parallel_bc 0.525553
2 1 blur_hor execute 4.190399
2 1 blur_ver execute 4.629925
2 1 blur_hor parallel_bc 0.378983
2 1 blur_ver parallel_bc 0.387923
2 1 blur_hor execute 3.989985
2 1 blur_ver execute 5.469575
2 1 blur_hor parallel_bc 0.379988
2 1 blur_ver parallel_bc 0.382204
2 1 blur_hor execute 4.251079
2 1 blur_ver execute 5.238446
2 1 blur_hor parallel_bc 0.515338
2 1 blur_ver parallel_bc 0.522259
2 1 blur_hor execute 4.189631
2 1 blur_ver execute 4.050989
2 1 blur_hor parallel_bc 0.380766
2 1 blur_ver parallel_bc 0.371178
2 1 blur_hor execute 3.785431
2 1 blur_ver execute 4.764143
2 2 blur_hor parallel_bc 0.521393
2 2 blur_ver parallel_bc 0.529172
2 2 blur_hor execute 4.124022
2 2 blur_ver execute 4.301802
2 2 blur_hor parallel_bc 0.375894
2 2 blur_ver parallel_bc 0.386109
2 2 blur_hor execute 3.867800
2 2 blur_ver execute 4.702091
2 2 blur_hor parallel_bc 0.374862
2 2 blur_ver parallel_bc 0.397249
2 2 blur_hor execute 3.613288
2 2 blur_ver execute 4.703145
2 2 blur_hor parallel_bc 0.373247
2 2 blur_ver parallel_bc 0.387133
2 2 blur_hor execute 3.581567
2 2 blur_ver execute 4.704455
2 2 blur_hor parallel_bc 0.527689
2 2 blur_ver parallel_bc 0.527533
2 2 blur_hor execute 4.125259
2 2 blur_ver execute 4.063853
2 2 blur_hor parallel_bc 0.374225
2 2 blur_ver parallel_bc 0.388787
2 2 blur_hor execute 3.727956
2 2 blur_ver execute 4.704278
2 2 blur_hor parallel_bc 0.527524
2 2 blur_ver parallel_bc 0.530797
2 2 blur_hor execute 4.132035
2 2 blur_ver execute 4.204600
2 2 blur_hor parallel_bc 0.525177
2 2 blur_ver parallel_bc 0.523093
2 2 blur_hor execute 4.128052
2 2 blur_ver execute 4.257597
2 2 blur_hor parallel_bc 0.528808
2 2 blur_ver parallel_bc 0.524002
2 2 blur_hor execute 4.152508
2 2 blur_ver execute 4.121470
2 2 blur_hor parallel_bc 0.517281
2 2 blur_ver parallel_bc 0.532885
2 2 blur_hor execute 4.136027
2 2 blur_ver execute 4.295829
2 4 blur_hor parallel_bc 0.371873
2 4 blur_ver parallel_bc 0.366848
2 4 blur_hor execute 3.770408
2 4 blur_ver execute 4.685478
2 4 blur_hor parallel_bc 0.368296
2 4 blur_ver parallel_bc 0.367780
2 4 blur_hor execute 3.697063
2 4 blur_ver execute 4.686034
2 4 blur_hor parallel_bc 0.517355
2 4 blur_ver parallel_bc 0.507686
2 4 blur_hor execute 4.252489
2 4 blur_ver execute 4.233608
2 4 blur_hor parallel_bc 0.378835
2 4 blur_ver parallel_bc 0.380659
2 4 blur_hor execute 3.639333
2 4 blur_ver execute 4.743945
2 4 blur_hor parallel_bc 0.521004
2 4 blur_ver parallel_bc 0.518508
2 4 blur_hor execute 4.264580
2 4 blur_ver execute 4.263328
2 4 blur_hor parallel_bc 0.370386
2 4 blur_ver parallel_bc 0.370624
2 4 blur_hor execute 4.303544
2 4 blur_ver execute 5.138429
2 4 blur_hor parallel_bc 0.503911
2 4 blur_ver parallel_bc 0.515409
2 4 blur_hor execute 4.257218
2 4 blur_ver execute 4.170977
2 4 blur_hor parallel_bc 0.514183
2 4 blur_ver parallel_bc 0.517228
2 4 blur_hor execute 4.272761
2 4 blur_ver execute 4.180900
2 4 blur_hor parallel_bc 0.513926
2 4 blur_ver parallel_bc 0.514048
2 4 blur_hor execute 4.256342
2 4 blur_ver execute 4.170993
2 4 blur_hor parallel_bc 0.507216
2 4 blur_ver parallel_bc 0.519684
2 4 blur_hor execute 4.255220
2 4 blur_ver execute 4.183611
2 8 blur_hor parallel_bc 0.361352
2 8 blur_ver parallel_bc 0.371898
2 8 blur_hor execute 3.806425
2 8 blur_ver execute 4.665903
2 8 blur_hor parallel_bc 0.362754
2 8 blur_ver parallel_bc 0.368665
2 8 blur_hor execute 3.773117
2 8 blur_ver execute 4.670968
2 8 blur_hor parallel_bc 0.373679
2 8 blur_ver parallel_bc 0.375159
2 8 blur_hor execute 3.728027
2 8 blur_ver execute 4.672772
2 8 blur_hor parallel_bc 0.363851
2 8 blur_ver parallel_bc 0.372436
2 8 blur_hor execute 3.845287
2 8 blur_ver execute 4.674410
2 8 blur_hor parallel_bc 0.519599
2 8 blur_ver parallel_bc 0.529088
2 8 blur_hor execute 4.245416
2 8 blur_ver execute 4.550899
2 8 blur_hor parallel_bc 0.517303
2 8 blur_ver parallel_bc 0.522491
2 8 blur_hor execute 4.239777
2 8 blur_ver execute 4.380258
2 8 blur_hor parallel_bc 0.520993
2 8 blur_ver parallel_bc 0.509406
2 8 blur_hor execute 4.241707
2 8 blur_ver execute 4.176614
2 8 blur_hor parallel_bc 0.508404
2 8 blur_ver parallel_bc 0.517577
2 8 blur_hor execute 4.241668
2 8 blur_ver execute 4.203428
2 8 blur_hor parallel_bc 0.373990
2 8 blur_ver parallel_bc 0.410597
2 8 blur_hor execute 4.198119
2 8 blur_ver execute 5.225820
2 8 blur_hor parallel_bc 0.504772
2 8 blur_ver parallel_bc 0.514702
2 8 blur_hor execute 4.275117
2 8 blur_ver execute 4.564439
2 16 blur_hor parallel_bc 0.375151
2 16 blur_ver parallel_bc 0.383053
2 16 blur_hor execute 3.648399
2 16 blur_ver execute 4.660553
2 16 blur_hor parallel_bc 0.374787
2 16 blur_ver parallel_bc 0.381013
2 16 blur_hor execute 4.349384
2 16 blur_ver execute 5.084446
2 16 blur_hor parallel_bc 0.509223
2 16 blur_ver parallel_bc 0.513529
2 16 blur_hor execute 4.232580
2 16 blur_ver execute 4.059834
2 16 blur_hor parallel_bc 0.369930
2 16 blur_ver parallel_bc 0.378462
2 16 blur_hor execute 3.675603
2 16 blur_ver execute 4.709754
2 16 blur_hor parallel_bc 0.511912
2 16 blur_ver parallel_bc 0.516814
2 16 blur_hor execute 4.239835
2 16 blur_ver execute 4.399420
2 16 blur_hor parallel_bc 0.376362
2 16 blur_ver parallel_bc 0.377944
2 16 blur_hor execute 3.973508
2 16 blur_ver execute 5.406975
2 16 blur_hor parallel_bc 0.510308
2 16 blur_ver parallel_bc 0.512891
2 16 blur_hor execute 4.235442
2 16 blur_ver execute 4.338009
2 16 blur_hor parallel_bc 0.372897
2 16 blur_ver parallel_bc 0.378581
2 16 blur_hor execute 3.750929
2 16 blur_ver execute 4.695606
2 16 blur_hor parallel_bc 0.516181
2 16 blur_ver parallel_bc 0.523368
2 16 blur_hor execute 4.244004
2 16 blur_ver execute 4.210310
2 16 blur_hor parallel_bc 0.513318
2 16 blur_ver parallel_bc 0.516466
2 16 blur_hor execute 4.234409
2 16 blur_ver execute 4.209089
2 32 blur_hor parallel_bc 0.517006
2 32 blur_ver parallel_bc 0.516245
2 32 blur_hor execute 4.232055
2 32 blur_ver execute 4.481749
2 32 blur_hor parallel_bc 0.375463
2 32 blur_ver parallel_bc 0.367775
2 32 blur_hor execute 3.805031
2 32 blur_ver execute 4.693312
2 32 blur_hor parallel_bc 0.512420
2 32 blur_ver parallel_bc 0.520331
2 32 blur_hor execute 4.252704
2 32 blur_ver execute 4.476599
2 32 blur_hor parallel_bc 0.375863
2 32 blur_ver parallel_bc 0.379743
2 32 blur_hor execute 4.174519
2 32 blur_ver execute 5.226931
2 32 blur_hor parallel_bc 0.511838
2 32 blur_ver parallel_bc 0.509989
2 32 blur_hor execute 4.233242
2 32 blur_ver execute 4.169335
2 32 blur_hor parallel_bc 0.361914
2 32 blur_ver parallel_bc 0.361195
2 32 blur_hor execute 3.763803
2 32 blur_ver execute 4.659478
2 32 blur_hor parallel_bc 0.514648
2 32 blur_ver parallel_bc 0.523476
2 32 blur_hor execute 4.231568
2 32 blur_ver execute 4.341172
2 32 blur_hor parallel_bc 0.371252
2 32 blur_ver parallel_bc 0.373112
2 32 blur_hor execute 3.666156
2 32 blur_ver execute 4.660897
2 32 blur_hor parallel_bc 0.514033
2 32 blur_ver parallel_bc 0.524932
2 32 blur_hor execute 4.251812
2 32 blur_ver execute 4.226410
2 32 blur_hor parallel_bc 0.372103
2 32 blur_ver parallel_bc 0.370761
2 32 blur_hor execute 4.004863
2 32 blur_ver execute 5.419658
4 1 blur_hor parallel_bc 0.514669
4 1 blur_ver parallel_bc 0.522294
4 1 blur_hor execute 4.166962
4 1 blur_ver execute 4.348145
4 1 blur_hor parallel_bc 0.379859
4 1 blur_ver parallel_bc 0.367888
4 1 blur_hor execute 3.722415
4 1 blur_ver execute 4.747828
4 1 blur_hor parallel_bc 0.367231
4 1 blur_ver parallel_bc 0.374624
4 1 blur_hor execute 3.720422
4 1 blur_ver execute 4.749060
4 1 blur_hor parallel_bc 0.514126
4 1 blur_ver parallel_bc 0.519843
4 1 blur_hor execute 4.203846
4 1 blur_ver execute 4.339872
4 1 blur_hor parallel_bc 0.384324
4 1 blur_ver parallel_bc 0.381420
4 1 blur_hor execute 3.693984
4 1 blur_ver execute 4.820100
4 1 blur_hor parallel_bc 0.371963
4 1 blur_ver parallel_bc 0.368973
4 1 blur_hor execute 4.021214
4 1 blur_ver execute 5.362309
4 1 blur_hor parallel_bc 0.515911
4 1 blur_ver parallel_bc 0.514056
4 1 blur_hor execute 4.169157
4 1 blur_ver execute 4.250408
4 1 blur_hor parallel_bc 0.388287
4 1 blur_ver parallel_bc 0.374772
4 1 blur_hor execute 3.402118
4 1 blur_ver execute 5.899124
4 1 blur_hor parallel_bc 0.369205
4 1 blur_ver parallel_bc 0.381577
4 1 blur_hor execute 4.252071
4 1 blur_ver execute 5.183900
4 1 blur_hor parallel_bc 0.507091
4 1 blur_ver parallel_bc 0.523375
4 1 blur_hor execute 4.171062
4 1 blur_ver execute 4.266860
4 2 blur_hor parallel_bc 0.534312
4 2 blur_ver parallel_bc 0.537376
4 2 blur_hor execute 4.273977
4 2 blur_ver execute 4.234281
4 2 blur_hor parallel_bc 0.528482
4 2 blur_ver parallel_bc 0.527751
4 2 blur_hor execute 4.279907
4 2 blur_ver execute 4.224140
4 2 blur_hor parallel_bc 0.533045
4 2 blur_ver parallel_bc 0.528758
4 2 blur_hor execute 4.270906
4 2 blur_ver execute 4.238508
4 2 blur_hor parallel_bc 0.388207
4 2 blur_ver parallel_bc 0.387803
4 2 blur_hor execute 4.444498
4 2 blur_ver execute 5.044235
4 2 blur_hor parallel_bc 0.526797
4 2 blur_ver parallel_bc 0.527746
4 2 blur_hor execute 4.270736
4 2 blur_ver execute 4.473426
4 2 blur_hor parallel_bc 0.381221
4 2 blur_ver parallel_bc 0.379036
4 2 blur_hor execute 4.225490
4 2 blur_ver execute 5.237487
4 2 blur_hor parallel_bc 0.513624
4 2 blur_ver parallel_bc 0.536606
4 2 blur_hor execute 4.272878
4 2 blur_ver execute 4.238389
4 2 blur_hor parallel_bc 0.529149
4 2 blur_ver parallel_bc 0.537533
4 2 blur_hor execute 4.282747
4 2 blur_ver execute 4.229619
4 2 blur_hor parallel_bc 0.391128
4 2 blur_ver parallel_bc 0.382816
4 2 blur_hor execute 3.901824
4 2 blur_ver execute 4.704205
4 2 blur_hor parallel_bc 0.528334
4 2 blur_ver parallel_bc 0.538813
4 2 blur_hor execute 4.277518
4 2 blur_ver execute 4.232031
4 4 blur_hor parallel_bc 0.386489
4 4 blur_ver parallel_bc 0.379718
4 4 blur_hor execute 3.526960
4 4 blur_ver execute 5.750534
4 4 blur_hor parallel_bc 0.379373
4 4 blur_ver parallel_bc 0.365635
4 4 blur_hor execute 4.463798
4 4 blur_ver execute 5.030265
4 4 blur_hor parallel_bc 0.518588
4 4 blur_ver parallel_bc 0.537737
4 4 blur_hor execute 4.250608
4 4 blur_ver execute 4.041726
4 4 blur_hor parallel_bc 0.456574
4 4 blur_ver parallel_bc 0.534924
4 4 blur_hor execute 4.252101
4 4 blur_ver execute 4.583481
4 4 blur_hor parallel_bc 0.529496
4 4 blur_ver parallel_bc 0.538090
4 4 blur_hor execute 4.251963
4 4 blur_ver execute 4.192040
4 4 blur_hor parallel_bc 0.384832
4 4 blur_ver parallel_bc 0.387071
4 4 blur_hor execute 3.849205
4 4 blur_ver execute 4.676011
4 4 blur_hor parallel_bc 0.372250
4 4 blur_ver parallel_bc 0.382994
4 4 blur_hor execute 3.807625
4 4 blur_ver execute 4.681816
4 4 blur_hor parallel_bc 0.524224
4 4 blur_ver parallel_bc 0.533790
4 4 blur_hor execute 4.247631
4 4 blur_ver execute 4.199134
4 4 blur_hor parallel_bc 0.530121
4 4 blur_ver parallel_bc 0.532161
4 4 blur_hor execute 4.248311
4 4 blur_ver execute 4.207678
4 4 blur_hor parallel_bc 0.521431
4 4 blur_ver parallel_bc 0.532574
4 4 blur_hor execute 4.249783
4 4 blur_ver execute 4.220129
4 8 blur_hor parallel_bc 0.508309
4 8 blur_ver parallel_bc 0.532109
4 8 blur_hor execute 4.235373
4 8 blur_ver execute 4.543641
4 8 blur_hor parallel_bc 0.526341
4 8 blur_ver parallel_bc 0.542058
4 8 blur_hor execute 4.236305
4 8 blur_ver execute 4.122820
4 8 blur_hor parallel_bc 0.379480
4 8 blur_ver parallel_bc 0.396430
4 8 blur_hor execute 3.787414
4 8 blur_ver execute 4.662873
4 8 blur_hor parallel_bc 0.526570
4 8 blur_ver parallel_bc 0.526720
4 8 blur_hor execute 4.236604
4 8 blur_ver execute 4.176785
4 8 blur_hor parallel_bc 0.377281
4 8 blur_ver parallel_bc 0.422255
4 8 blur_hor execute 4.201561
4 8 blur_ver execute 5.185275
4 8 blur_hor parallel_bc 0.536724
4 8 blur_ver parallel_bc 0.532032
4 8 blur_hor execute 4.237330
4 8 blur_ver execute 4.181860
4 8 blur_hor parallel_bc 0.529277
4 8 blur_ver parallel_bc 0.531777
4 8 blur_hor execute 4.299249
4 8 blur_ver execute 4.236738
4 8 blur_hor parallel_bc 0.527227
4 8 blur_ver parallel_bc 0.532081
4 8 blur_hor execute 4.253311
4 8 blur_ver execute 4.170659
4 8 blur_hor parallel_bc 0.527712
4 8 blur_ver parallel_bc 0.553971
4 8 blur_hor execute 4.236509
4 8 blur_ver execute 4.146867
4 8 blur_hor parallel_bc 0.379170
4 8 blur_ver parallel_bc 0.374300
4 8 blur_hor execute 3.663436
4 8 blur_ver execute 4.662499
4 16 blur_hor parallel_bc 0.531082
4 16 blur_ver parallel_bc 0.532420
4 16 blur_hor execute 4.246844
4 16 blur_ver execute 4.212934
4 16 blur_hor parallel_bc 0.380253
4 16 blur_ver parallel_bc 0.410684
4 16 blur_hor execute 3.830582
4 16 blur_ver execute 4.676384
4 16 blur_hor parallel_bc 0.380503
4 16 blur_ver parallel_bc 0.381804
4 16 blur_hor execute 3.799391
4 16 blur_ver execute 4.661244
4 16 blur_hor parallel_bc 0.530450
4 16 blur_ver parallel_bc 0.536639
4 16 blur_hor execute 4.231055
4 16 blur_ver execute 4.168495
4 16 blur_hor parallel_bc 0.470889
4 16 blur_ver parallel_bc 0.524853
4 16 blur_hor execute 4.228474
4 16 blur_ver execute 4.558986
4 16 blur_hor parallel_bc 0.386858
4 16 blur_ver parallel_bc 0.401569
4 16 blur_hor execute 3.661428
4 16 blur_ver execute 5.608661
4 16 blur_hor parallel_bc 0.527508
4 16 blur_ver parallel_bc 0.535354
4 16 blur_hor execute 4.247383
4 16 blur_ver execute 4.182032
4 16 blur_hor parallel_bc 0.519936
4 16 blur_ver parallel_bc 0.533132
4 16 blur_hor execute 4.231615
4 16 blur_ver execute 4.087594
4 16 blur_hor parallel_bc 0.393215
4 16 blur_ver parallel_bc 0.380374
4 16 blur_hor execute 3.630564
4 16 blur_ver execute 4.667163
4 16 blur_hor parallel_bc 0.384839
4 16 blur_ver parallel_bc 0.377476
4 16 blur_hor execute 3.785641
4 16 blur_ver execute 4.660370
4 32 blur_hor parallel_bc 0.383865
4 32 blur_ver parallel_bc 0.379310
4 32 blur_hor execute 4.053460
4 32 blur_ver execute 4.655790
4 32 blur_hor parallel_bc 0.379086
4 32 blur_ver parallel_bc 0.388091
4 32 blur_hor execute 3.703280
4 32 blur_ver execute 4.733396
4 32 blur_hor parallel_bc 0.386643
4 32 blur_ver parallel_bc 0.391448
4 32 blur_hor execute 4.743005
4 32 blur_ver execute 4.736088
4 32 blur_hor parallel_bc 0.388676
4 32 blur_ver parallel_bc 0.399090
4 32 blur_hor execute 3.628305
4 32 blur_ver execute 4.656521
4 32 blur_hor parallel_bc 0.539628
4 32 blur_ver parallel_bc 0.529848
4 32 blur_hor execute 4.224440
4 32 blur_ver execute 4.088423
4 32 blur_hor parallel_bc 0.530592
4 32 blur_ver parallel_bc 0.529820
4 32 blur_hor execute 4.229454
4 32 blur_ver execute 4.135231
4 32 blur_hor parallel_bc 0.377839
4 32 blur_ver parallel_bc 0.390741
4 32 blur_hor execute 3.699474
4 32 blur_ver execute 4.659437
4 32 blur_hor parallel_bc 0.386206
4 32 blur_ver parallel_bc 0.390112
4 32 blur_hor execute 3.907197
4 32 blur_ver execute 4.661706
4 32 blur_hor parallel_bc 0.526636
4 32 blur_ver parallel_bc 0.533512
4 32 blur_hor execute 4.228981
4 32 blur_ver execute 4.116444
4 32 blur_hor parallel_bc 0.383916
4 32 blur_ver parallel_bc 0.385872
4 32 blur_hor execute 3.848813
4 32 blur_ver execute 4.688912
8 1 blur_hor parallel_bc 0.364605
8 1 blur_ver parallel_bc 0.365713
8 1 blur_hor execute 3.556254
8 1 blur_ver execute 4.894310
8 1 blur_hor parallel_bc 0.494392
8 1 blur_ver parallel_bc 0.502387
8 1 blur_hor execute 4.165654
8 1 blur_ver execute 4.433100
8 1 blur_hor parallel_bc 0.489440
8 1 blur_ver parallel_bc 0.501550
8 1 blur_hor execute 4.165338
8 1 blur_ver execute 4.590939
8 1 blur_hor parallel_bc 0.359238
8 1 blur_ver parallel_bc 0.358248
8 1 blur_hor execute 3.531473
8 1 blur_ver execute 4.897686
8 1 blur_hor parallel_bc 0.493770
8 1 blur_ver parallel_bc 0.499669
8 1 blur_hor execute 4.160143
8 1 blur_ver execute 4.537740
8 1 blur_hor parallel_bc 0.354305
8 1 blur_ver parallel_bc 0.365660
8 1 blur_hor execute 3.672536
8 1 blur_ver execute 5.827061
8 1 blur_hor parallel_bc 0.358957
8 1 blur_ver parallel_bc 0.362397
8 1 blur_hor execute 3.611969
8 1 blur_ver execute 4.895429
8 1 blur_hor parallel_bc 0.490773
8 1 blur_ver parallel_bc 0.494965
8 1 blur_hor execute 4.166052
8 1 blur_ver execute 4.413377
8 1 blur_hor parallel_bc 0.358924
8 1 blur_ver parallel_bc 0.366165
8 1 blur_hor execute 3.637059
8 1 blur_ver execute 4.890485
8 1 blur_hor parallel_bc 0.503464
8 1 blur_ver parallel_bc 0.491133
8 1 blur_hor execute 4.161843
8 1 blur_ver execute 4.697203
8 2 blur_hor parallel_bc 0.374212
8 2 blur_ver parallel_bc 0.372893
8 2 blur_hor execute 3.553456
8 2 blur_ver execute 4.860283
8 2 blur_hor parallel_bc 0.511410
8 2 blur_ver parallel_bc 0.518672
8 2 blur_hor execute 4.129911
8 2 blur_ver execute 4.369146
8 2 blur_hor parallel_bc 0.369862
8 2 blur_ver parallel_bc 0.386645
8 2 blur_hor execute 3.656029
8 2 blur_ver execute 4.880327
8 2 blur_hor parallel_bc 0.510087
8 2 blur_ver parallel_bc 0.516930
8 2 blur_hor execute 4.130378
8 2 blur_ver execute 4.410411
8 2 blur_hor parallel_bc 0.517017
8 2 blur_ver parallel_bc 0.523612
8 2 blur_hor execute 4.129745
8 2 blur_ver execute 4.410766
8 2 blur_hor parallel_bc 0.366526
8 2 blur_ver parallel_bc 0.372139
8 2 blur_hor execute 3.713590
8 2 blur_ver execute 4.856257
8 2 blur_hor parallel_bc 0.512008
8 2 blur_ver parallel_bc 0.518992
8 2 blur_hor execute 4.130435
8 2 blur_ver execute 4.695288
8 2 blur_hor parallel_bc 0.368251
8 2 blur_ver parallel_bc 0.426510
8 2 blur_hor execute 3.927393
8 2 blur_ver execute 5.545193
8 2 blur_hor parallel_bc 0.376241
8 2 blur_ver parallel_bc 0.368037
8 2 blur_hor execute 3.678068
8 2 blur_ver execute 5.758807
8 2 blur_hor parallel_bc 0.512151
8 2 blur_ver parallel_bc 0.513896
8 2 blur_hor execute 4.131883
8 2 blur_ver execute 4.490603
8 4 blur_hor parallel_bc 0.372250
8 4 blur_ver parallel_bc 0.373118
8 4 blur_hor execute 3.602863
8 4 blur_ver execute 4.835580
8 4 blur_hor parallel_bc 0.500459
8 4 blur_ver parallel_bc 0.502731
8 4 blur_hor execute 4.248579
8 4 blur_ver execute 4.364827
8 4 blur_hor parallel_bc 0.503063
8 4 blur_ver parallel_bc 0.514519
8 4 blur_hor execute 4.253258
8 4 blur_ver execute 4.427348
8 4 blur_hor parallel_bc 0.502920
8 4 blur_ver parallel_bc 0.503676
8 4 blur_hor execute 4.250550
8 4 blur_ver execute 4.381240
8 4 blur_hor parallel_bc 0.495265
8 4 blur_ver parallel_bc 0.505516
8 4 blur_hor execute 4.249895
8 4 blur_ver execute 4.366173
8 4 blur_hor parallel_bc 0.503834
8 4 blur_ver parallel_bc 0.505076
8 4 blur_hor execute 4.258233
8 4 blur_ver execute 4.321408
8 4 blur_hor parallel_bc 0.503615
8 4 blur_ver parallel_bc 0.512899
8 4 blur_hor execute 4.249388
8 4 blur_ver execute 4.346336
8 4 blur_hor parallel_bc 0.358373
8 4 blur_ver parallel_bc 0.364792
8 4 blur_hor execute 3.822703
8 4 blur_ver execute 4.845591
8 4 blur_hor parallel_bc 0.492313
8 4 blur_ver parallel_bc 0.509775
8 4 blur_hor execute 4.249398
8 4 blur_ver execute 4.364090
8 4 blur_hor parallel_bc 0.364578
8 4 blur_ver parallel_bc 0.371689
8 4 blur_hor execute 4.243968
8 4 blur_ver execute 5.355092
8 8 blur_hor parallel_bc 0.508666
8 8 blur_ver parallel_bc 0.505754
8 8 blur_hor execute 4.242790
8 8 blur_ver execute 4.680515
8 8 blur_hor parallel_bc 0.504010
8 8 blur_ver parallel_bc 0.508681
8 8 blur_hor execute 4.559192
8 8 blur_ver execute 4.562606
8 8 blur_hor parallel_bc 0.356146
8 8 blur_ver parallel_bc 0.370167
8 8 blur_hor execute 3.637936
8 8 blur_ver execute 4.831338
8 8 blur_hor parallel_bc 0.362401
8 8 blur_ver parallel_bc 0.356884
8 8 blur_hor execute 4.063235
8 8 blur_ver execute 5.476661
8 8 blur_hor parallel_bc 0.364150
8 8 blur_ver parallel_bc 0.361390
8 8 blur_hor execute 3.608087
8 8 blur_ver execute 4.826350
8 8 blur_hor parallel_bc 0.501375
8 8 blur_ver parallel_bc 0.504302
8 8 blur_hor execute 4.243593
8 8 blur_ver execute 4.354716
8 8 blur_hor parallel_bc 0.505953
8 8 blur_ver parallel_bc 0.510561
8 8 blur_hor execute 4.238458
8 8 blur_ver execute 4.358611
8 8 blur_hor parallel_bc 0.368848
8 8 blur_ver parallel_bc 0.371811
8 8 blur_hor execute 4.343688
8 8 blur_ver execute 5.306050
8 8 blur_hor parallel_bc 0.368015
8 8 blur_ver parallel_bc 0.372751
8 8 blur_hor execute 3.864006
8 8 blur_ver execute 5.637266
8 8 blur_hor parallel_bc 0.386336
8 8 blur_ver parallel_bc 0.371365
8 8 blur_hor execute 3.693556
8 8 blur_ver execute 4.829341
8 16 blur_hor parallel_bc 0.509154
8 16 blur_ver parallel_bc 0.499739
8 16 blur_hor execute 4.236042
8 16 blur_ver execute 4.355150
8 16 blur_hor parallel_bc 0.498260
8 16 blur_ver parallel_bc 0.510071
8 16 blur_hor execute 4.232394
8 16 blur_ver execute 4.334158
8 16 blur_hor parallel_bc 0.357827
8 16 blur_ver parallel_bc 0.363658
8 16 blur_hor execute 3.832896
8 16 blur_ver execute 4.826548
8 16 blur_hor parallel_bc 0.512956
8 16 blur_ver parallel_bc 0.504363
8 16 blur_hor execute 4.232417
8 16 blur_ver execute 4.337115
8 16 blur_hor parallel_bc 0.360718
8 16 blur_ver parallel_bc 0.365793
8 16 blur_hor execute 3.550043
8 16 blur_ver execute 5.916171
8 16 blur_hor parallel_bc 0.506213
8 16 blur_ver parallel_bc 0.510150
8 16 blur_hor execute 4.232352
8 16 blur_ver execute 4.586727
8 16 blur_hor parallel_bc 0.358010
8 16 blur_ver parallel_bc 0.371490
8 16 blur_hor execute 3.897953
8 16 blur_ver execute 4.874720
8 16 blur_hor parallel_bc 0.504181
8 16 blur_ver parallel_bc 0.503853
8 16 blur_hor execute 4.236511
8 16 blur_ver execute 4.231715
8 16 blur_hor parallel_bc 0.504778
8 16 blur_ver parallel_bc 0.502981
8 16 blur_hor execute 4.236583
8 16 blur_ver execute 4.352146
8 16 blur_hor parallel_bc 0.362374
8 16 blur_ver parallel_bc 0.360370
8 16 blur_hor execute 3.710006
8 16 blur_ver execute 4.822445
8 32 blur_hor parallel_bc 0.363604
8 32 blur_ver parallel_bc 0.361204
8 32 blur_hor execute 3.667660
8 32 blur_ver execute 4.818236
8 32 blur_hor parallel_bc 0.499613
8 32 blur_ver parallel_bc 0.516891
8 32 blur_hor execute 4.232099
8 32 blur_ver execute 4.480543
8 32 blur_hor parallel_bc 0.374170
8 32 blur_ver parallel_bc 0.368958
8 32 blur_hor execute 3.608259
8 32 blur_ver execute 4.988356
8 32 blur_hor parallel_bc 0.502149
8 32 blur_ver parallel_bc 0.515467
8 32 blur_hor execute 4.233885
8 32 blur_ver execute 4.335272
8 32 blur_hor parallel_bc 0.509888
8 32 blur_ver parallel_bc 0.505111
8 32 blur_hor execute 4.231645
8 32 blur_ver execute 4.349965
8 32 blur_hor parallel_bc 0.365324
8 32 blur_ver parallel_bc 0.372984
8 32 blur_hor execute 3.821902
8 32 blur_ver execute 4.818404
8 32 blur_hor parallel_bc 0.508583
8 32 blur_ver parallel_bc 0.509163
8 32 blur_hor execute 4.232531
8 32 blur_ver execute 4.415951
8 32 blur_hor parallel_bc 0.500984
8 32 blur_ver parallel_bc 0.508942
8 32 blur_hor execute 4.232719
8 32 blur_ver execute 4.364756
8 32 blur_hor parallel_bc 0.502717
8 32 blur_ver parallel_bc 0.505861
8 32 blur_hor execute 4.230893
8 32 blur_ver execute 4.353547
8 32 blur_hor parallel_bc 0.368857
8 32 blur_ver parallel_bc 0.354796
8 32 blur_hor execute 4.333415
8 32 blur_ver execute 5.255793
16 1 blur_hor parallel_bc 0.354594
16 1 blur_ver parallel_bc 0.358603
16 1 blur_hor execute 3.528753
16 1 blur_ver execute 4.887883
16 1 blur_hor parallel_bc 0.364765
16 1 blur_ver parallel_bc 0.351444
16 1 blur_hor execute 3.687669
16 1 blur_ver execute 4.894503
16 1 blur_hor parallel_bc 0.492038
16 1 blur_ver parallel_bc 0.500459
16 1 blur_hor execute 4.159553
16 1 blur_ver execute 4.434845
16 1 blur_hor parallel_bc 0.495461
16 1 blur_ver parallel_bc 0.499129
16 1 blur_hor execute 4.159283
16 1 blur_ver execute 4.265968
16 1 blur_hor parallel_bc 0.499568
16 1 blur_ver parallel_bc 0.493831
16 1 blur_hor execute 4.166325
16 1 blur_ver execute 4.403479
16 1 blur_hor parallel_bc 0.355753
16 1 blur_ver parallel_bc 0.366288
16 1 blur_hor execute 3.581771
16 1 blur_ver execute 4.888391
16 1 blur_hor parallel_bc 0.494180
16 1 blur_ver parallel_bc 0.495762
16 1 blur_hor execute 4.184167
16 1 blur_ver execute 4.435476
16 1 blur_hor parallel_bc 0.370771
16 1 blur_ver parallel_bc 0.357379
16 1 blur_hor execute 4.216123
16 1 blur_ver execute 5.373001
16 1 blur_hor parallel_bc 0.491309
16 1 blur_ver parallel_bc 0.492290
16 1 blur_hor execute 4.159708
16 1 blur_ver execute 4.428032
16 1 blur_hor parallel_bc 0.353796
16 1 blur_ver parallel_bc 0.367561
16 1 blur_hor execute 3.568461
16 1 blur_ver execute 4.894015
16 2 blur_hor parallel_bc 0.363410
16 2 blur_ver parallel_bc 0.381355
16 2 blur_hor execute 3.585475
16 2 blur_ver execute 4.870839
16 2 blur_hor parallel_bc 0.509615
16 2 blur_ver parallel_bc 0.511540
16 2 blur_hor execute 4.127482
16 2 blur_ver execute 4.371405
16 2 blur_hor parallel_bc 0.369213
16 2 blur_ver parallel_bc 0.377133
16 2 blur_hor execute 3.519467
16 2 blur_ver execute 4.856967
16 2 blur_hor parallel_bc 0.509220
16 2 blur_ver parallel_bc 0.514550
16 2 blur_hor execute 4.125823
16 2 blur_ver execute 4.379523
16 2 blur_hor parallel_bc 0.368737
16 2 blur_ver parallel_bc 0.360400
16 2 blur_hor execute 4.156264
16 2 blur_ver execute 5.361357
16 2 blur_hor parallel_bc 0.359728
16 2 blur_ver parallel_bc 0.378390
16 2 blur_hor execute 3.692410
16 2 blur_ver execute 4.901839
16 2 blur_hor parallel_bc 0.381950
16 2 blur_ver parallel_bc 0.377833
16 2 blur_hor execute 4.082126
16 2 blur_ver execute 5.415812
16 2 blur_hor parallel_bc 0.372431
16 2 blur_ver parallel_bc 0.381133
16 2 blur_hor execute 3.706042
16 2 blur_ver execute 4.856477
16 2 blur_hor parallel_bc 0.368798
16 2 blur_ver parallel_bc 0.372126
16 2 blur_hor execute 3.890489
16 2 blur_ver execute 4.880598
16 2 blur_hor parallel_bc 0.519966
16 2 blur_ver parallel_bc 0.515173
16 2 blur_hor execute 4.126627
16 2 blur_ver execute 4.233252
16 4 blur_hor parallel_bc 0.364249
16 4 blur_ver parallel_bc 0.373329
16 4 blur_hor execute 3.707667
16 4 blur_ver execute 4.838414
16 4 blur_hor parallel_bc 0.361917
16 4 blur_ver parallel_bc 0.362643
16 4 blur_hor execute 3.715557
16 4 blur_ver execute 4.835144
16 4 blur_hor parallel_bc 0.365340
16 4 blur_ver parallel_bc 0.363737
16 4 blur_hor execute 3.694298
16 4 blur_ver execute 4.838779
16 4 blur_hor parallel_bc 0.498543
16 4 blur_ver parallel_bc 0.511929
16 4 blur_hor execute 4.250783
16 4 blur_ver execute 4.360106
16 4 blur_hor parallel_bc 0.363581
16 4 blur_ver parallel_bc 0.361864
16 4 blur_hor execute 3.663638
16 4 blur_ver execute 4.846749
16 4 blur_hor parallel_bc 0.355004
16 4 blur_ver parallel_bc 0.368922
16 4 blur_hor execute 3.627730
16 4 blur_ver execute 4.892765
16 4 blur_hor parallel_bc 0.361072
16 4 blur_ver parallel_bc 0.363870
16 4 blur_hor execute 3.809804
16 4 blur_ver execute 4.837052
16 4 blur_hor parallel_bc 0.361600
16 4 blur_ver parallel_bc 0.359470
16 4 blur_hor execute 3.829947
16 4 blur_ver execute 4.843395
16 4 blur_hor parallel_bc 0.367813
16 4 blur_ver parallel_bc 0.367400
16 4 blur_hor execute 4.526062
16 4 blur_ver execute 5.131985
16 4 blur_hor parallel_bc 0.506155
16 4 blur_ver parallel_bc 0.514211
16 4 blur_hor execute 4.251574
16 4 blur_ver execute 4.397811
16 8 blur_hor parallel_bc 0.389124
16 8 blur_ver parallel_bc 0.502520
16 8 blur_hor execute 4.244361
16 8 blur_ver execute 4.766135
16 8 blur_hor parallel_bc 0.362324
16 8 blur_ver parallel_bc 0.365208
16 8 blur_hor execute 3.645219
16 8 blur_ver execute 4.832863
16 8 blur_hor parallel_bc 0.507927
16 8 blur_ver parallel_bc 0.506248
16 8 blur_hor execute 4.241882
16 8 blur_ver execute 4.344151
16 8 blur_hor parallel_bc 0.359649
16 8 blur_ver parallel_bc 0.373233
16 8 blur_hor execute 3.847278
16 8 blur_ver execute 4.850712
16 8 blur_hor parallel_bc 0.507940
16 8 blur_ver parallel_bc 0.504993
16 8 blur_hor execute 4.239909
16 8 blur_ver execute 4.335575
16 8 blur_hor parallel_bc 0.428406
16 8 blur_ver parallel_bc 0.371392
16 8 blur_hor execute 3.407555
16 8 blur_ver execute 6.095254
16 8 blur_hor parallel_bc 0.375339
16 8 blur_ver parallel_bc 0.366957
16 8 blur_hor execute 4.053096
16 8 blur_ver execute 5.488792
16 8 blur_hor parallel_bc 0.367263
16 8 blur_ver parallel_bc 0.386644
16 8 blur_hor execute 3.745796
16 8 blur_ver execute 4.828106
16 8 blur_hor parallel_bc 0.501997
16 8 blur_ver parallel_bc 0.509631
16 8 blur_hor execute 4.259214
16 8 blur_ver execute 4.459777
16 8 blur_hor parallel_bc 0.361506
16 8 blur_ver parallel_bc 0.361607
16 8 blur_hor execute 3.890721
16 8 blur_ver execute 5.609901
16 16 blur_hor parallel_bc 0.507939
16 16 blur_ver parallel_bc 0.504517
16 16 blur_hor execute 4.233752
16 16 blur_ver execute 4.395136
16 16 blur_hor parallel_bc 0.496009
16 16 blur_ver parallel_bc 0.504473
16 16 blur_hor execute 4.235419
16 16 blur_ver execute 4.331637
16 16 blur_hor parallel_bc 0.593555
16 16 blur_ver parallel_bc 0.504758
16 16 blur_hor execute 4.232935
16 16 blur_ver execute 4.343646
16 16 blur_hor parallel_bc 0.500520
16 16 blur_ver parallel_bc 0.514852
16 16 blur_hor execute 4.235454
16 16 blur_ver execute 4.620275
16 16 blur_hor parallel_bc 0.356189
16 16 blur_ver parallel_bc 0.371518
16 16 blur_hor execute 3.376829
16 16 blur_ver execute 6.044834
16 16 blur_hor parallel_bc 0.356504
16 16 blur_ver parallel_bc 0.364543
16 16 blur_hor execute 3.663436
16 16 blur_ver execute 5.154691
16 16 blur_hor parallel_bc 0.504292
16 16 blur_ver parallel_bc 0.508991
16 16 blur_hor execute 4.237537
16 16 blur_ver execute 4.274202
16 16 blur_hor parallel_bc 0.358087
16 16 blur_ver parallel_bc 0.375457
16 16 blur_hor execute 4.269639
16 16 blur_ver execute 5.310711
16 16 blur_hor parallel_bc 0.499748
16 16 blur_ver parallel_bc 0.504053
16 16 blur_hor execute 4.234520
16 16 blur_ver execute 4.302445
16 16 blur_hor parallel_bc 0.369726
16 16 blur_ver parallel_bc 0.373768
16 16 blur_hor execute 3.627041
16 16 blur_ver execute 5.836860
16 32 blur_hor parallel_bc 0.506920
16 32 blur_ver parallel_bc 0.516363
16 32 blur_hor execute 4.231868
16 32 blur_ver execute 4.325232
16 32 blur_hor parallel_bc 0.368806
16 32 blur_ver parallel_bc 0.366848
16 32 blur_hor execute 3.770684
16 32 blur_ver execute 4.822027
16 32 blur_hor parallel_bc 0.367686
16 32 blur_ver parallel_bc 0.362637
16 32 blur_hor execute 3.796490
16 32 blur_ver execute 4.819271
16 32 blur_hor parallel_bc 0.513517
16 32 blur_ver parallel_bc 0.503371
16 32 blur_hor execute 4.232282
16 32 blur_ver execute 4.375902
16 32 blur_hor parallel_bc 0.366700
16 32 blur_ver parallel_bc 0.366190
16 32 blur_hor execute 3.806600
16 32 blur_ver execute 4.820291
16 32 blur_hor parallel_bc 0.513994
16 32 blur_ver parallel_bc 0.526003
16 32 blur_hor execute 4.233958
16 32 blur_ver execute 4.344725
16 32 blur_hor parallel_bc 0.371647
16 32 blur_ver parallel_bc 0.366548
16 32 blur_hor execute 3.678733
16 32 blur_ver execute 4.817212
16 32 blur_hor parallel_bc 0.506861
16 32 blur_ver parallel_bc 0.510542
16 32 blur_hor execute 4.237780
16 32 blur_ver execute 4.348817
16 32 blur_hor parallel_bc 0.372018
16 32 blur_ver parallel_bc 0.371621
16 32 blur_hor execute 4.378878
16 32 blur_ver execute 5.219539
16 32 blur_hor parallel_bc 0.513014
16 32 blur_ver parallel_bc 0.507085
16 32 blur_hor execute 4.230765
16 32 blur_ver execute 4.379423
32 1 blur_hor parallel_bc 0.365542
32 1 blur_ver parallel_bc 0.372945
32 1 blur_hor execute 3.983434
32 1 blur_ver execute 5.551090
32 1 blur_hor parallel_bc 0.493239
32 1 blur_ver parallel_bc 0.502269
32 1 blur_hor execute 4.158981
32 1 blur_ver execute 4.723654
32 1 blur_hor parallel_bc 0.496196
32 1 blur_ver parallel_bc 0.495659
32 1 blur_hor execute 3.734921
32 1 blur_ver execute 4.887684
32 1 blur_hor parallel_bc 0.499129
32 1 blur_ver parallel_bc 0.498551
32 1 blur_hor execute 4.154487
32 1 blur_ver execute 4.518739
32 1 blur_hor parallel_bc 0.493351
32 1 blur_ver parallel_bc 0.501408
32 1 blur_hor execute 4.153049
32 1 blur_ver execute 4.449169
32 1 blur_hor parallel_bc 0.363254
32 1 blur_ver parallel_bc 0.359126
32 1 blur_hor execute 3.764184
32 1 blur_ver execute 5.741097
32 1 blur_hor parallel_bc 0.496396
32 1 blur_ver parallel_bc 0.498207
32 1 blur_hor execute 4.168699
32 1 blur_ver execute 4.407998
32 1 blur_hor parallel_bc 0.443509
32 1 blur_ver parallel_bc 0.497440
32 1 blur_hor execute 4.154553
32 1 blur_ver execute 4.815110
32 1 blur_hor parallel_bc 0.499662
32 1 blur_ver parallel_bc 0.494598
32 1 blur_hor execute 4.156469
32 1 blur_ver execute 4.409332
32 1 blur_hor parallel_bc 0.498183
32 1 blur_ver parallel_bc 0.494541
32 1 blur_hor execute 4.154639
32 1 blur_ver execute 4.345314
32 2 blur_hor parallel_bc 0.372655
32 2 blur_ver parallel_bc 0.377983
32 2 blur_hor execute 3.494874
32 2 blur_ver execute 4.853074
32 2 blur_hor parallel_bc 0.366840
32 2 blur_ver parallel_bc 0.372549
32 2 blur_hor execute 3.865857
32 2 blur_ver execute 4.853119
32 2 blur_hor parallel_bc 0.374938
32 2 blur_ver parallel_bc 0.376889
32 2 blur_hor execute 3.643634
32 2 blur_ver execute 4.865732
32 2 blur_hor parallel_bc 0.369109
32 2 blur_ver parallel_bc 0.375748
32 2 blur_hor execute 3.608336
32 2 blur_ver execute 5.775080
32 2 blur_hor parallel_bc 0.509210
32 2 blur_ver parallel_bc 0.514729
32 2 blur_hor execute 4.126189
32 2 blur_ver execute 4.507700
32 2 blur_hor parallel_bc 0.387851
32 2 blur_ver parallel_bc 0.368629
32 2 blur_hor execute 3.563768
32 2 blur_ver execute 4.856145
32 2 blur_hor parallel_bc 0.371931
32 2 blur_ver parallel_bc 0.364345
32 2 blur_hor execute 3.594081
32 2 blur_ver execute 4.863949
32 2 blur_hor parallel_bc 0.512413
32 2 blur_ver parallel_bc 0.513109
32 2 blur_hor execute 4.136505
32 2 blur_ver execute 4.373876
32 2 blur_hor parallel_bc 0.515694
32 2 blur_ver parallel_bc 0.519084
32 2 blur_hor execute 4.161467
32 2 blur_ver execute 4.498297
32 2 blur_hor parallel_bc 0.379273
32 2 blur_ver parallel_bc 0.384373
32 2 blur_hor execute 3.532247
32 2 blur_ver execute 4.857610
32 4 blur_hor parallel_bc 0.502182
32 4 blur_ver parallel_bc 0.507106
32 4 blur_hor execute 4.248867
32 4 blur_ver execute 4.355527
32 4 blur_hor parallel_bc 0.368556
32 4 blur_ver parallel_bc 0.415436
32 4 blur_hor execute 3.688814
32 4 blur_ver execute 4.836383
32 4 blur_hor parallel_bc 0.367279
32 4 blur_ver parallel_bc 0.374201
32 4 blur_hor execute 4.261119
32 4 blur_ver execute 4.843674
32 4 blur_hor parallel_bc 0.496172
32 4 blur_ver parallel_bc 0.513824
32 4 blur_hor execute 4.251498
32 4 blur_ver execute 4.341427
32 4 blur_hor parallel_bc 0.370388
32 4 blur_ver parallel_bc 0.362154
32 4 blur_hor execute 3.662180
32 4 blur_ver execute 4.837620
32 4 blur_hor parallel_bc 0.356900
32 4 blur_ver parallel_bc 0.373144
32 4 blur_hor execute 4.113416
32 4 blur_ver execute 5.446966
32 4 blur_hor parallel_bc 0.506385
32 4 blur_ver parallel_bc 0.505353
32 4 blur_hor execute 4.250617
32 4 blur_ver execute 4.360130
32 4 blur_hor parallel_bc 0.405208
32 4 blur_ver parallel_bc 0.511018
32 4 blur_hor execute 4.256804
32 4 blur_ver execute 4.776488
32 4 blur_hor parallel_bc 0.502100
32 4 blur_ver parallel_bc 0.507962
32 4 blur_hor execute 4.255349
32 4 blur_ver execute 4.367508
32 4 blur_hor parallel_bc 0.365258
32 4 blur_ver parallel_bc 0.369102
32 4 blur_hor execute 3.822037
32 4 blur_ver execute 4.844822
32 8 blur_hor parallel_bc 0.361588
32 8 blur_ver parallel_bc 0.366059
32 8 blur_hor execute 4.064781
32 8 blur_ver execute 5.487761
32 8 blur_hor parallel_bc 0.506083
32 8 blur_ver parallel_bc 0.509671
32 8 blur_hor execute 4.240657
32 8 blur_ver execute 4.347382
32 8 blur_hor parallel_bc 0.364199
32 8 blur_ver parallel_bc 0.380511
32 8 blur_hor execute 3.817063
32 8 blur_ver execute 4.841015
32 8 blur_hor parallel_bc 0.499498
32 8 blur_ver parallel_bc 0.518688
32 8 blur_hor execute 4.239100
32 8 blur_ver execute 4.363943
32 8 blur_hor parallel_bc 0.502253
32 8 blur_ver parallel_bc 0.502646
32 8 blur_hor execute 4.241803
32 8 blur_ver execute 4.322135
32 8 blur_hor parallel_bc 0.359221
32 8 blur_ver parallel_bc 0.369931
32 8 blur_hor execute 3.838739
32 8 blur_ver execute 4.829480
32 8 blur_hor parallel_bc 0.507591
32 8 blur_ver parallel_bc 0.503998
32 8 blur_hor execute 4.266648
32 8 blur_ver execute 4.159630
32 8 blur_hor parallel_bc 0.370515
32 8 blur_ver parallel_bc 0.373880
32 8 blur_hor execute 3.801020
32 8 blur_ver execute 4.830257
32 8 blur_hor parallel_bc 0.405400
32 8 blur_ver parallel_bc 0.361538
32 8 blur_hor execute 3.666603
32 8 blur_ver execute 4.835482
32 8 blur_hor parallel_bc 0.361417
32 8 blur_ver parallel_bc 0.376969
32 8 blur_hor execute 3.716728
32 8 blur_ver execute 4.834752
32 16 blur_hor parallel_bc 0.502103
32 16 blur_ver parallel_bc 0.509141
32 16 blur_hor execute 4.241332
32 16 blur_ver execute 4.581382
32 16 blur_hor parallel_bc 0.364122
32 16 blur_ver parallel_bc 0.374151
32 16 blur_hor execute 3.591515
32 16 blur_ver execute 4.828367
32 16 blur_hor parallel_bc 0.503163
32 16 blur_ver parallel_bc 0.512646
32 16 blur_hor execute 4.235427
32 16 blur_ver execute 4.160431
32 16 blur_hor parallel_bc 0.368271
32 16 blur_ver parallel_bc 0.363732
32 16 blur_hor execute 3.706879
32 16 blur_ver execute 4.859320
32 16 blur_hor parallel_bc 0.376315
32 16 blur_ver parallel_bc 0.369017
32 16 blur_hor execute 3.655247
32 16 blur_ver execute 4.828425
32 16 blur_hor parallel_bc 0.510610
32 16 blur_ver parallel_bc 0.506229
32 16 blur_hor execute 4.236956
32 16 blur_ver execute 4.334683
32 16 blur_hor parallel_bc 0.369637
32 16 blur_ver parallel_bc 0.363986
32 16 blur_hor execute 3.816965
32 16 blur_ver execute 4.823858
32 16 blur_hor parallel_bc 0.507589
32 16 blur_ver parallel_bc 0.510164
32 16 blur_hor execute 4.239439
32 16 blur_ver execute 4.146392
32 16 blur_hor parallel_bc 0.501881
32 16 blur_ver parallel_bc 0.508048
32 16 blur_hor execute 4.239106
32 16 blur_ver execute 4.325777
32 16 blur_hor parallel_bc 0.355179
32 16 blur_ver parallel_bc 0.371043
32 16 blur_hor execute 3.585175
32 16 blur_ver execute 4.827373
32 32 blur_hor parallel_bc 0.373154
32 32 blur_ver parallel_bc 0.367536
32 32 blur_hor execute 4.013260
32 32 blur_ver execute 5.498477
32 32 blur_hor parallel_bc 0.498550
32 32 blur_ver parallel_bc 0.512135
32 32 blur_hor execute 4.237090
32 32 blur_ver execute 4.462508
32 32 blur_hor parallel_bc 0.513773
32 32 blur_ver parallel_bc 0.512910
32 32 blur_hor execute 4.235970
32 32 blur_ver execute 4.431337
32 32 blur_hor parallel_bc 0.361557
32 32 blur_ver parallel_bc 0.372924
32 32 blur_hor execute 3.393197
32 32 blur_ver execute 6.079109
32 32 blur_hor parallel_bc 0.372065
32 32 blur_ver parallel_bc 0.372868
32 32 blur_hor execute 3.797464
32 32 blur_ver execute 4.822990
32 32 blur_hor parallel_bc 0.502878
32 32 blur_ver parallel_bc 0.504286
32 32 blur_hor execute 4.235020
32 32 blur_ver execute 4.331204
32 32 blur_hor parallel_bc 0.503633
32 32 blur_ver parallel_bc 0.509857
32 32 blur_hor execute 4.235102
32 32 blur_ver execute 4.284331
32 32 blur_hor parallel_bc 0.369656
32 32 blur_ver parallel_bc 0.367435
32 32 blur_hor execute 3.408661
32 32 blur_ver execute 6.034452
32 32 blur_hor parallel_bc 0.507862
32 32 blur_ver parallel_bc 0.506866
32 32 blur_hor execute 4.233308
32 32 blur_ver execute 4.625695
32 32 blur_hor parallel_bc 0.498021
32 32 blur_ver parallel_bc 0.505985
32 32 blur_hor execute 4.231680
32 32 blur_ver execute 4.334453
