1 1 blur_hor parallel_bc 15.369885
1 1 blur_ver parallel_bc 15.375466
1 1 blur_hor execute 0.665267
1 1 blur_ver execute 0.723177
1 1 blur_hor parallel_bc 15.390512
1 1 blur_ver parallel_bc 15.302359
1 1 blur_hor execute 0.715395
1 1 blur_ver execute 0.704567
1 1 blur_hor parallel_bc 15.389470
1 1 blur_ver parallel_bc 15.299171
1 1 blur_hor execute 0.681848
1 1 blur_ver execute 0.746902
1 1 blur_hor parallel_bc 15.401293
1 1 blur_ver parallel_bc 15.342172
1 1 blur_hor execute 0.682333
1 1 blur_ver execute 0.727844
1 1 blur_hor parallel_bc 15.327074
1 1 blur_ver parallel_bc 15.393461
1 1 blur_hor execute 0.678935
1 1 blur_ver execute 0.738905
1 1 blur_hor parallel_bc 15.362516
1 1 blur_ver parallel_bc 15.382245
1 1 blur_hor execute 0.707273
1 1 blur_ver execute 0.718810
1 1 blur_hor parallel_bc 15.324908
1 1 blur_ver parallel_bc 15.385344
1 1 blur_hor execute 0.711409
1 1 blur_ver execute 0.703507
1 1 blur_hor parallel_bc 15.385181
1 1 blur_ver parallel_bc 15.345900
1 1 blur_hor execute 0.669382
1 1 blur_ver execute 0.743747
1 1 blur_hor parallel_bc 15.368429
1 1 blur_ver parallel_bc 15.414862
1 1 blur_hor execute 0.692007
1 1 blur_ver execute 0.689013
1 1 blur_hor parallel_bc 15.412826
1 1 blur_ver parallel_bc 15.388242
1 1 blur_hor execute 0.682831
1 1 blur_ver execute 0.717330
1 2 blur_hor parallel_bc 15.424365
1 2 blur_ver parallel_bc 15.403658
1 2 blur_hor execute 0.683706
1 2 blur_ver execute 0.703011
1 2 blur_hor parallel_bc 15.356097
1 2 blur_ver parallel_bc 15.341557
1 2 blur_hor execute 0.691400
1 2 blur_ver execute 0.733066
1 2 blur_hor parallel_bc 15.499248
1 2 blur_ver parallel_bc 15.377142
1 2 blur_hor execute 0.699622
1 2 blur_ver execute 0.716283
1 2 blur_hor parallel_bc 15.504318
1 2 blur_ver parallel_bc 15.358587
1 2 blur_hor execute 0.661042
1 2 blur_ver execute 0.715084
1 2 blur_hor parallel_bc 15.342052
1 2 blur_ver parallel_bc 15.385721
1 2 blur_hor execute 0.679683
1 2 blur_ver execute 0.714651
1 2 blur_hor parallel_bc 15.486031
1 2 blur_ver parallel_bc 15.390004
1 2 blur_hor execute 0.674782
1 2 blur_ver execute 0.725241
1 2 blur_hor parallel_bc 15.417900
1 2 blur_ver parallel_bc 15.409291
1 2 blur_hor execute 0.649975
1 2 blur_ver execute 0.733347
1 2 blur_hor parallel_bc 15.360104
1 2 blur_ver parallel_bc 15.519279
1 2 blur_hor execute 0.685652
1 2 blur_ver execute 0.695246
1 2 blur_hor parallel_bc 15.390196
1 2 blur_ver parallel_bc 15.402664
1 2 blur_hor execute 0.650520
1 2 blur_ver execute 0.720533
1 2 blur_hor parallel_bc 15.409188
1 2 blur_ver parallel_bc 15.421609
1 2 blur_hor execute 0.677973
1 2 blur_ver execute 0.725319
1 4 blur_hor parallel_bc 15.508944
1 4 blur_ver parallel_bc 15.487454
1 4 blur_hor execute 0.851135
1 4 blur_ver execute 1.051834
1 4 blur_hor parallel_bc 15.527441
1 4 blur_ver parallel_bc 15.442808
1 4 blur_hor execute 0.866571
1 4 blur_ver execute 1.040207
1 4 blur_hor parallel_bc 15.481113
1 4 blur_ver parallel_bc 15.438823
1 4 blur_hor execute 0.863528
1 4 blur_ver execute 1.034340
1 4 blur_hor parallel_bc 15.451300
1 4 blur_ver parallel_bc 15.563082
1 4 blur_hor execute 0.867977
1 4 blur_ver execute 1.040502
1 4 blur_hor parallel_bc 15.511741
1 4 blur_ver parallel_bc 15.462195
1 4 blur_hor execute 0.852838
1 4 blur_ver execute 1.031196
1 4 blur_hor parallel_bc 15.472088
1 4 blur_ver parallel_bc 15.483460
1 4 blur_hor execute 0.858129
1 4 blur_ver execute 1.014453
1 4 blur_hor parallel_bc 15.476499
1 4 blur_ver parallel_bc 15.474267
1 4 blur_hor execute 0.855091
1 4 blur_ver execute 1.024681
1 4 blur_hor parallel_bc 15.518915
1 4 blur_ver parallel_bc 15.447741
1 4 blur_hor execute 0.842589
1 4 blur_ver execute 1.038147
1 4 blur_hor parallel_bc 15.538848
1 4 blur_ver parallel_bc 15.466860
1 4 blur_hor execute 0.856332
1 4 blur_ver execute 1.014852
1 4 blur_hor parallel_bc 15.525299
1 4 blur_ver parallel_bc 15.480093
1 4 blur_hor execute 0.849896
1 4 blur_ver execute 1.029570
1 8 blur_hor parallel_bc 15.434954
1 8 blur_ver parallel_bc 15.399011
1 8 blur_hor execute 0.762598
1 8 blur_ver execute 0.824896
1 8 blur_hor parallel_bc 15.510713
1 8 blur_ver parallel_bc 15.494857
1 8 blur_hor execute 0.765039
1 8 blur_ver execute 0.806423
1 8 blur_hor parallel_bc 15.449365
1 8 blur_ver parallel_bc 15.439955
1 8 blur_hor execute 0.772677
1 8 blur_ver execute 0.847596
1 8 blur_hor parallel_bc 15.481754
1 8 blur_ver parallel_bc 15.467320
1 8 blur_hor execute 0.779089
1 8 blur_ver execute 0.830159
1 8 blur_hor parallel_bc 15.459987
1 8 blur_ver parallel_bc 15.467048
1 8 blur_hor execute 0.755814
1 8 blur_ver execute 0.838510
1 8 blur_hor parallel_bc 15.485134
1 8 blur_ver parallel_bc 15.431044
1 8 blur_hor execute 0.755054
1 8 blur_ver execute 0.823901
1 8 blur_hor parallel_bc 15.566678
1 8 blur_ver parallel_bc 15.439493
1 8 blur_hor execute 0.754896
1 8 blur_ver execute 0.837527
1 8 blur_hor parallel_bc 15.464303
1 8 blur_ver parallel_bc 15.503135
1 8 blur_hor execute 0.768506
1 8 blur_ver execute 0.837552
1 8 blur_hor parallel_bc 15.455273
1 8 blur_ver parallel_bc 15.444412
1 8 blur_hor execute 0.766748
1 8 blur_ver execute 0.841670
1 8 blur_hor parallel_bc 15.453319
1 8 blur_ver parallel_bc 15.375184
1 8 blur_hor execute 0.727070
1 8 blur_ver execute 0.857335
1 16 blur_hor parallel_bc 15.487392
1 16 blur_ver parallel_bc 15.465320
1 16 blur_hor execute 0.843770
1 16 blur_ver execute 0.841641
1 16 blur_hor parallel_bc 15.498340
1 16 blur_ver parallel_bc 15.402286
1 16 blur_hor execute 0.841848
1 16 blur_ver execute 0.891885
1 16 blur_hor parallel_bc 15.523120
1 16 blur_ver parallel_bc 15.544957
1 16 blur_hor execute 0.833384
1 16 blur_ver execute 0.853729
1 16 blur_hor parallel_bc 15.483689
1 16 blur_ver parallel_bc 15.424585
1 16 blur_hor execute 0.814982
1 16 blur_ver execute 0.860309
1 16 blur_hor parallel_bc 15.461932
1 16 blur_ver parallel_bc 15.371439
1 16 blur_hor execute 0.846701
1 16 blur_ver execute 0.889582
1 16 blur_hor parallel_bc 15.560665
1 16 blur_ver parallel_bc 15.518881
1 16 blur_hor execute 0.867429
1 16 blur_ver execute 0.855314
1 16 blur_hor parallel_bc 15.507957
1 16 blur_ver parallel_bc 15.496765
1 16 blur_hor execute 0.845156
1 16 blur_ver execute 0.844694
1 16 blur_hor parallel_bc 15.479266
1 16 blur_ver parallel_bc 15.495740
1 16 blur_hor execute 0.837025
1 16 blur_ver execute 0.872770
1 16 blur_hor parallel_bc 15.455699
1 16 blur_ver parallel_bc 15.488889
1 16 blur_hor execute 0.828324
1 16 blur_ver execute 0.870640
1 16 blur_hor parallel_bc 15.530332
1 16 blur_ver parallel_bc 15.468110
1 16 blur_hor execute 0.855377
1 16 blur_ver execute 0.871146
1 32 blur_hor parallel_bc 15.476508
1 32 blur_ver parallel_bc 15.437666
1 32 blur_hor execute 0.800375
1 32 blur_ver execute 0.850708
1 32 blur_hor parallel_bc 15.474425
1 32 blur_ver parallel_bc 15.512977
1 32 blur_hor execute 0.785002
1 32 blur_ver execute 0.847549
1 32 blur_hor parallel_bc 15.462488
1 32 blur_ver parallel_bc 15.465047
1 32 blur_hor execute 0.786137
1 32 blur_ver execute 0.903503
1 32 blur_hor parallel_bc 15.452296
1 32 blur_ver parallel_bc 15.447379
1 32 blur_hor execute 0.802529
1 32 blur_ver execute 0.878309
1 32 blur_hor parallel_bc 15.511336
1 32 blur_ver parallel_bc 15.446761
1 32 blur_hor execute 0.811269
1 32 blur_ver execute 0.846957
1 32 blur_hor parallel_bc 15.518029
1 32 blur_ver parallel_bc 15.457373
1 32 blur_hor execute 0.782840
1 32 blur_ver execute 0.843602
1 32 blur_hor parallel_bc 15.428517
1 32 blur_ver parallel_bc 15.434871
1 32 blur_hor execute 0.765618
1 32 blur_ver execute 0.850951
1 32 blur_hor parallel_bc 15.449693
1 32 blur_ver parallel_bc 15.444435
1 32 blur_hor execute 0.798256
1 32 blur_ver execute 0.866694
1 32 blur_hor parallel_bc 15.518523
1 32 blur_ver parallel_bc 15.493506
1 32 blur_hor execute 0.791927
1 32 blur_ver execute 0.857491
1 32 blur_hor parallel_bc 15.441887
1 32 blur_ver parallel_bc 15.405616
1 32 blur_hor execute 0.783995
1 32 blur_ver execute 0.857334
2 1 blur_hor parallel_bc 15.358908
2 1 blur_ver parallel_bc 15.395527
2 1 blur_hor execute 0.683633
2 1 blur_ver execute 0.711239
2 1 blur_hor parallel_bc 15.413401
2 1 blur_ver parallel_bc 15.366463
2 1 blur_hor execute 0.689536
2 1 blur_ver execute 0.710485
2 1 blur_hor parallel_bc 15.420903
2 1 blur_ver parallel_bc 15.352299
2 1 blur_hor execute 0.656461
2 1 blur_ver execute 0.746357
2 1 blur_hor parallel_bc 15.418679
2 1 blur_ver parallel_bc 15.394369
2 1 blur_hor execute 0.746458
2 1 blur_ver execute 0.715525
2 1 blur_hor parallel_bc 15.444306
2 1 blur_ver parallel_bc 15.357819
2 1 blur_hor execute 0.682880
2 1 blur_ver execute 0.709213
2 1 blur_hor parallel_bc 15.389505
2 1 blur_ver parallel_bc 15.341203
2 1 blur_hor execute 0.690532
2 1 blur_ver execute 0.738626
2 1 blur_hor parallel_bc 15.434763
2 1 blur_ver parallel_bc 15.352137
2 1 blur_hor execute 0.700549
2 1 blur_ver execute 0.734356
2 1 blur_hor parallel_bc 15.398368
2 1 blur_ver parallel_bc 15.359771
2 1 blur_hor execute 0.703372
2 1 blur_ver execute 0.719169
2 1 blur_hor parallel_bc 15.345710
2 1 blur_ver parallel_bc 15.466602
2 1 blur_hor execute 0.680185
2 1 blur_ver execute 0.723268
2 1 blur_hor parallel_bc 15.445632
2 1 blur_ver parallel_bc 15.487814
2 1 blur_hor execute 0.757530
2 1 blur_ver execute 0.692590
2 2 blur_hor parallel_bc 15.573038
2 2 blur_ver parallel_bc 15.500721
2 2 blur_hor execute 0.794493
2 2 blur_ver execute 0.964240
2 2 blur_hor parallel_bc 15.573719
2 2 blur_ver parallel_bc 15.604383
2 2 blur_hor execute 0.784261
2 2 blur_ver execute 0.934085
2 2 blur_hor parallel_bc 15.499638
2 2 blur_ver parallel_bc 15.511451
2 2 blur_hor execute 0.748052
2 2 blur_ver execute 0.994834
2 2 blur_hor parallel_bc 15.485841
2 2 blur_ver parallel_bc 15.578044
2 2 blur_hor execute 0.762856
2 2 blur_ver execute 0.933249
2 2 blur_hor parallel_bc 15.563425
2 2 blur_ver parallel_bc 15.563181
2 2 blur_hor execute 0.765407
2 2 blur_ver execute 0.950759
2 2 blur_hor parallel_bc 15.513659
2 2 blur_ver parallel_bc 15.539960
2 2 blur_hor execute 0.746432
2 2 blur_ver execute 0.940991
2 2 blur_hor parallel_bc 15.600186
2 2 blur_ver parallel_bc 15.586520
2 2 blur_hor execute 0.778149
2 2 blur_ver execute 0.901993
2 2 blur_hor parallel_bc 15.542011
2 2 blur_ver parallel_bc 15.582979
2 2 blur_hor execute 0.768507
2 2 blur_ver execute 0.946538
2 2 blur_hor parallel_bc 15.530351
2 2 blur_ver parallel_bc 15.519371
2 2 blur_hor execute 0.728276
2 2 blur_ver execute 0.939701
2 2 blur_hor parallel_bc 15.542680
2 2 blur_ver parallel_bc 15.465017
2 2 blur_hor execute 0.766298
2 2 blur_ver execute 0.952736
2 4 blur_hor parallel_bc 15.658214
2 4 blur_ver parallel_bc 15.568942
2 4 blur_hor execute 0.755094
2 4 blur_ver execute 0.848729
2 4 blur_hor parallel_bc 15.543718
2 4 blur_ver parallel_bc 15.534667
2 4 blur_hor execute 0.746829
2 4 blur_ver execute 0.839635
2 4 blur_hor parallel_bc 15.556947
2 4 blur_ver parallel_bc 15.439953
2 4 blur_hor execute 0.757005
2 4 blur_ver execute 0.834832
2 4 blur_hor parallel_bc 15.594635
2 4 blur_ver parallel_bc 15.464336
2 4 blur_hor execute 0.762809
2 4 blur_ver execute 0.854769
2 4 blur_hor parallel_bc 15.608182
2 4 blur_ver parallel_bc 15.531573
2 4 blur_hor execute 0.754273
2 4 blur_ver execute 0.828756
2 4 blur_hor parallel_bc 15.521336
2 4 blur_ver parallel_bc 15.468599
2 4 blur_hor execute 0.747482
2 4 blur_ver execute 0.851884
2 4 blur_hor parallel_bc 15.576921
2 4 blur_ver parallel_bc 15.505805
2 4 blur_hor execute 0.809944
2 4 blur_ver execute 0.880679
2 4 blur_hor parallel_bc 15.659105
2 4 blur_ver parallel_bc 15.506017
2 4 blur_hor execute 0.774569
2 4 blur_ver execute 0.847191
2 4 blur_hor parallel_bc 15.564337
2 4 blur_ver parallel_bc 15.540398
2 4 blur_hor execute 0.754622
2 4 blur_ver execute 0.850241
2 4 blur_hor parallel_bc 15.546834
2 4 blur_ver parallel_bc 15.474521
2 4 blur_hor execute 0.756679
2 4 blur_ver execute 0.818138
2 8 blur_hor parallel_bc 15.517491
2 8 blur_ver parallel_bc 15.539712
2 8 blur_hor execute 0.755420
2 8 blur_ver execute 0.849700
2 8 blur_hor parallel_bc 15.429764
2 8 blur_ver parallel_bc 15.475846
2 8 blur_hor execute 0.729036
2 8 blur_ver execute 0.806525
2 8 blur_hor parallel_bc 15.483012
2 8 blur_ver parallel_bc 15.476743
2 8 blur_hor execute 0.754019
2 8 blur_ver execute 0.806444
2 8 blur_hor parallel_bc 15.477712
2 8 blur_ver parallel_bc 15.474862
2 8 blur_hor execute 0.748839
2 8 blur_ver execute 0.830226
2 8 blur_hor parallel_bc 15.435986
2 8 blur_ver parallel_bc 15.429115
2 8 blur_hor execute 0.756250
2 8 blur_ver execute 0.826899
2 8 blur_hor parallel_bc 15.629912
2 8 blur_ver parallel_bc 15.462486
2 8 blur_hor execute 0.773776
2 8 blur_ver execute 0.806704
2 8 blur_hor parallel_bc 15.531757
2 8 blur_ver parallel_bc 15.598145
2 8 blur_hor execute 0.772471
2 8 blur_ver execute 0.804445
2 8 blur_hor parallel_bc 15.509943
2 8 blur_ver parallel_bc 15.507106
2 8 blur_hor execute 0.781728
2 8 blur_ver execute 0.834325
2 8 blur_hor parallel_bc 15.530139
2 8 blur_ver parallel_bc 15.591908
2 8 blur_hor execute 0.776718
2 8 blur_ver execute 0.817708
2 8 blur_hor parallel_bc 15.468810
2 8 blur_ver parallel_bc 15.484864
2 8 blur_hor execute 0.770136
2 8 blur_ver execute 0.840468
2 16 blur_hor parallel_bc 15.571915
2 16 blur_ver parallel_bc 15.502516
2 16 blur_hor execute 0.794729
2 16 blur_ver execute 0.859167
2 16 blur_hor parallel_bc 15.537892
2 16 blur_ver parallel_bc 15.530748
2 16 blur_hor execute 0.782572
2 16 blur_ver execute 0.878144
2 16 blur_hor parallel_bc 15.537168
2 16 blur_ver parallel_bc 15.512031
2 16 blur_hor execute 0.806898
2 16 blur_ver execute 0.845734
2 16 blur_hor parallel_bc 15.570914
2 16 blur_ver parallel_bc 15.532788
2 16 blur_hor execute 0.813477
2 16 blur_ver execute 0.884288
2 16 blur_hor parallel_bc 15.522011
2 16 blur_ver parallel_bc 15.434390
2 16 blur_hor execute 0.851217
2 16 blur_ver execute 0.849150
2 16 blur_hor parallel_bc 15.490608
2 16 blur_ver parallel_bc 15.456987
2 16 blur_hor execute 0.822163
2 16 blur_ver execute 0.865244
2 16 blur_hor parallel_bc 15.478179
2 16 blur_ver parallel_bc 15.483888
2 16 blur_hor execute 0.793166
2 16 blur_ver execute 0.866033
2 16 blur_hor parallel_bc 15.491465
2 16 blur_ver parallel_bc 15.474296
2 16 blur_hor execute 0.837214
2 16 blur_ver execute 0.863346
2 16 blur_hor parallel_bc 15.529203
2 16 blur_ver parallel_bc 15.452992
2 16 blur_hor execute 0.818757
2 16 blur_ver execute 0.855225
2 16 blur_hor parallel_bc 15.517729
2 16 blur_ver parallel_bc 15.479887
2 16 blur_hor execute 0.819552
2 16 blur_ver execute 0.869103
2 32 blur_hor parallel_bc 15.557103
2 32 blur_ver parallel_bc 15.464085
2 32 blur_hor execute 0.763830
2 32 blur_ver execute 0.825046
2 32 blur_hor parallel_bc 15.482643
2 32 blur_ver parallel_bc 15.498976
2 32 blur_hor execute 0.784781
2 32 blur_ver execute 0.817639
2 32 blur_hor parallel_bc 15.553964
2 32 blur_ver parallel_bc 15.442528
2 32 blur_hor execute 0.791792
2 32 blur_ver execute 0.844374
2 32 blur_hor parallel_bc 15.504549
2 32 blur_ver parallel_bc 15.555141
2 32 blur_hor execute 0.818575
2 32 blur_ver execute 0.842761
2 32 blur_hor parallel_bc 15.515614
2 32 blur_ver parallel_bc 15.517395
2 32 blur_hor execute 0.767240
2 32 blur_ver execute 0.837186
2 32 blur_hor parallel_bc 15.496363
2 32 blur_ver parallel_bc 15.471139
2 32 blur_hor execute 0.776905
2 32 blur_ver execute 0.825559
2 32 blur_hor parallel_bc 15.522463
2 32 blur_ver parallel_bc 15.506440
2 32 blur_hor execute 0.776915
2 32 blur_ver execute 0.819279
2 32 blur_hor parallel_bc 15.655043
2 32 blur_ver parallel_bc 15.506029
2 32 blur_hor execute 0.779026
2 32 blur_ver execute 0.832029
2 32 blur_hor parallel_bc 15.502615
2 32 blur_ver parallel_bc 15.492633
2 32 blur_hor execute 0.782976
2 32 blur_ver execute 0.826280
2 32 blur_hor parallel_bc 15.580119
2 32 blur_ver parallel_bc 15.556838
2 32 blur_hor execute 0.760567
2 32 blur_ver execute 0.833419
4 1 blur_hor parallel_bc 15.491789
4 1 blur_ver parallel_bc 15.460305
4 1 blur_hor execute 0.826237
4 1 blur_ver execute 1.040281
4 1 blur_hor parallel_bc 15.469565
4 1 blur_ver parallel_bc 15.553724
4 1 blur_hor execute 0.845632
4 1 blur_ver execute 1.001348
4 1 blur_hor parallel_bc 15.503500
4 1 blur_ver parallel_bc 15.450709
4 1 blur_hor execute 0.872719
4 1 blur_ver execute 1.072840
4 1 blur_hor parallel_bc 15.477155
4 1 blur_ver parallel_bc 15.495079
4 1 blur_hor execute 0.865419
4 1 blur_ver execute 1.017103
4 1 blur_hor parallel_bc 15.514850
4 1 blur_ver parallel_bc 15.436967
4 1 blur_hor execute 0.846576
4 1 blur_ver execute 1.026149
4 1 blur_hor parallel_bc 15.500899
4 1 blur_ver parallel_bc 15.482776
4 1 blur_hor execute 0.860059
4 1 blur_ver execute 1.066992
4 1 blur_hor parallel_bc 15.477877
4 1 blur_ver parallel_bc 15.452072
4 1 blur_hor execute 0.857777
4 1 blur_ver execute 1.044197
4 1 blur_hor parallel_bc 15.568523
4 1 blur_ver parallel_bc 15.419970
4 1 blur_hor execute 0.877750
4 1 blur_ver execute 1.049857
4 1 blur_hor parallel_bc 15.522835
4 1 blur_ver parallel_bc 15.489900
4 1 blur_hor execute 0.881952
4 1 blur_ver execute 1.033864
4 1 blur_hor parallel_bc 15.473828
4 1 blur_ver parallel_bc 15.483598
4 1 blur_hor execute 0.856723
4 1 blur_ver execute 1.026690
4 2 blur_hor parallel_bc 15.570087
4 2 blur_ver parallel_bc 15.549008
4 2 blur_hor execute 1.171421
4 2 blur_ver execute 1.386122
4 2 blur_hor parallel_bc 15.590091
4 2 blur_ver parallel_bc 15.514818
4 2 blur_hor execute 1.141032
4 2 blur_ver execute 1.376437
4 2 blur_hor parallel_bc 15.520623
4 2 blur_ver parallel_bc 15.498574
4 2 blur_hor execute 1.155190
4 2 blur_ver execute 1.353006
4 2 blur_hor parallel_bc 15.484422
4 2 blur_ver parallel_bc 15.513155
4 2 blur_hor execute 1.120868
4 2 blur_ver execute 1.337969
4 2 blur_hor parallel_bc 15.565239
4 2 blur_ver parallel_bc 15.577778
4 2 blur_hor execute 1.116217
4 2 blur_ver execute 1.383051
4 2 blur_hor parallel_bc 15.579799
4 2 blur_ver parallel_bc 15.490370
4 2 blur_hor execute 1.114426
4 2 blur_ver execute 1.361243
4 2 blur_hor parallel_bc 15.580940
4 2 blur_ver parallel_bc 15.554124
4 2 blur_hor execute 1.155474
4 2 blur_ver execute 1.323376
4 2 blur_hor parallel_bc 15.572015
4 2 blur_ver parallel_bc 15.625437
4 2 blur_hor execute 1.140793
4 2 blur_ver execute 1.376767
4 2 blur_hor parallel_bc 15.494762
4 2 blur_ver parallel_bc 15.578924
4 2 blur_hor execute 1.111807
4 2 blur_ver execute 1.449804
4 2 blur_hor parallel_bc 15.530761
4 2 blur_ver parallel_bc 15.464294
4 2 blur_hor execute 1.087530
4 2 blur_ver execute 1.336079
4 4 blur_hor parallel_bc 15.572791
4 4 blur_ver parallel_bc 15.500626
4 4 blur_hor execute 1.182146
4 4 blur_ver execute 1.403112
4 4 blur_hor parallel_bc 15.568608
4 4 blur_ver parallel_bc 15.568275
4 4 blur_hor execute 1.187178
4 4 blur_ver execute 1.422676
4 4 blur_hor parallel_bc 15.523970
4 4 blur_ver parallel_bc 15.475765
4 4 blur_hor execute 1.158829
4 4 blur_ver execute 1.387513
4 4 blur_hor parallel_bc 15.708051
4 4 blur_ver parallel_bc 15.531947
4 4 blur_hor execute 1.192144
4 4 blur_ver execute 1.404179
4 4 blur_hor parallel_bc 15.679706
4 4 blur_ver parallel_bc 15.605218
4 4 blur_hor execute 1.223342
4 4 blur_ver execute 1.352081
4 4 blur_hor parallel_bc 15.591249
4 4 blur_ver parallel_bc 15.530725
4 4 blur_hor execute 1.181046
4 4 blur_ver execute 1.391908
4 4 blur_hor parallel_bc 15.541779
4 4 blur_ver parallel_bc 15.539575
4 4 blur_hor execute 1.181980
4 4 blur_ver execute 1.400552
4 4 blur_hor parallel_bc 15.705962
4 4 blur_ver parallel_bc 15.649457
4 4 blur_hor execute 1.160731
4 4 blur_ver execute 1.360703
4 4 blur_hor parallel_bc 15.547379
4 4 blur_ver parallel_bc 15.576551
4 4 blur_hor execute 1.191144
4 4 blur_ver execute 1.435155
4 4 blur_hor parallel_bc 15.516875
4 4 blur_ver parallel_bc 15.606974
4 4 blur_hor execute 1.192835
4 4 blur_ver execute 1.353941
4 8 blur_hor parallel_bc 15.640323
4 8 blur_ver parallel_bc 15.507263
4 8 blur_hor execute 1.208910
4 8 blur_ver execute 1.308327
4 8 blur_hor parallel_bc 15.570255
4 8 blur_ver parallel_bc 15.498602
4 8 blur_hor execute 1.184713
4 8 blur_ver execute 1.306450
4 8 blur_hor parallel_bc 15.522392
4 8 blur_ver parallel_bc 15.438456
4 8 blur_hor execute 1.183971
4 8 blur_ver execute 1.277945
4 8 blur_hor parallel_bc 15.547427
4 8 blur_ver parallel_bc 15.452909
4 8 blur_hor execute 1.210802
4 8 blur_ver execute 1.295793
4 8 blur_hor parallel_bc 15.439660
4 8 blur_ver parallel_bc 15.465175
4 8 blur_hor execute 1.191096
4 8 blur_ver execute 1.288090
4 8 blur_hor parallel_bc 15.537825
4 8 blur_ver parallel_bc 15.530501
4 8 blur_hor execute 1.180048
4 8 blur_ver execute 1.313156
4 8 blur_hor parallel_bc 15.454156
4 8 blur_ver parallel_bc 15.466334
4 8 blur_hor execute 1.157264
4 8 blur_ver execute 1.285647
4 8 blur_hor parallel_bc 15.430294
4 8 blur_ver parallel_bc 15.447880
4 8 blur_hor execute 1.199648
4 8 blur_ver execute 1.261912
4 8 blur_hor parallel_bc 15.434367
4 8 blur_ver parallel_bc 15.473232
4 8 blur_hor execute 1.221378
4 8 blur_ver execute 1.354338
4 8 blur_hor parallel_bc 15.454946
4 8 blur_ver parallel_bc 15.454895
4 8 blur_hor execute 1.185542
4 8 blur_ver execute 1.268735
4 16 blur_hor parallel_bc 15.513941
4 16 blur_ver parallel_bc 15.489746
4 16 blur_hor execute 1.169282
4 16 blur_ver execute 1.249435
4 16 blur_hor parallel_bc 15.447792
4 16 blur_ver parallel_bc 15.667479
4 16 blur_hor execute 1.170292
4 16 blur_ver execute 1.287548
4 16 blur_hor parallel_bc 15.542302
4 16 blur_ver parallel_bc 15.561877
4 16 blur_hor execute 1.182694
4 16 blur_ver execute 1.223477
4 16 blur_hor parallel_bc 15.628046
4 16 blur_ver parallel_bc 15.639946
4 16 blur_hor execute 1.186414
4 16 blur_ver execute 1.247595
4 16 blur_hor parallel_bc 15.584530
4 16 blur_ver parallel_bc 15.436366
4 16 blur_hor execute 1.168494
4 16 blur_ver execute 1.267655
4 16 blur_hor parallel_bc 15.507800
4 16 blur_ver parallel_bc 15.478081
4 16 blur_hor execute 1.181189
4 16 blur_ver execute 1.278727
4 16 blur_hor parallel_bc 15.589220
4 16 blur_ver parallel_bc 15.481861
4 16 blur_hor execute 1.132557
4 16 blur_ver execute 1.293084
4 16 blur_hor parallel_bc 15.521166
4 16 blur_ver parallel_bc 15.492974
4 16 blur_hor execute 1.190701
4 16 blur_ver execute 1.250761
4 16 blur_hor parallel_bc 15.501128
4 16 blur_ver parallel_bc 15.502158
4 16 blur_hor execute 1.170696
4 16 blur_ver execute 1.240170
4 16 blur_hor parallel_bc 15.477891
4 16 blur_ver parallel_bc 15.465241
4 16 blur_hor execute 1.168393
4 16 blur_ver execute 1.262959
4 32 blur_hor parallel_bc 15.564884
4 32 blur_ver parallel_bc 15.509812
4 32 blur_hor execute 1.341454
4 32 blur_ver execute 1.425630
4 32 blur_hor parallel_bc 15.455084
4 32 blur_ver parallel_bc 15.518390
4 32 blur_hor execute 1.349777
4 32 blur_ver execute 1.435824
4 32 blur_hor parallel_bc 15.541440
4 32 blur_ver parallel_bc 15.542997
4 32 blur_hor execute 1.401615
4 32 blur_ver execute 1.399040
4 32 blur_hor parallel_bc 15.459076
4 32 blur_ver parallel_bc 15.505707
4 32 blur_hor execute 1.338729
4 32 blur_ver execute 1.376090
4 32 blur_hor parallel_bc 15.477652
4 32 blur_ver parallel_bc 15.553707
4 32 blur_hor execute 1.330828
4 32 blur_ver execute 1.416119
4 32 blur_hor parallel_bc 15.517266
4 32 blur_ver parallel_bc 15.541033
4 32 blur_hor execute 1.349356
4 32 blur_ver execute 1.410592
4 32 blur_hor parallel_bc 15.525302
4 32 blur_ver parallel_bc 15.538379
4 32 blur_hor execute 1.342344
4 32 blur_ver execute 1.342822
4 32 blur_hor parallel_bc 15.503485
4 32 blur_ver parallel_bc 15.473564
4 32 blur_hor execute 1.313803
4 32 blur_ver execute 1.452083
4 32 blur_hor parallel_bc 15.436295
4 32 blur_ver parallel_bc 15.430048
4 32 blur_hor execute 1.345909
4 32 blur_ver execute 1.413531
4 32 blur_hor parallel_bc 15.556751
4 32 blur_ver parallel_bc 15.532570
4 32 blur_hor execute 1.349828
4 32 blur_ver execute 1.395145
8 1 blur_hor parallel_bc 15.570881
8 1 blur_ver parallel_bc 15.445567
8 1 blur_hor execute 0.777631
8 1 blur_ver execute 0.889548
8 1 blur_hor parallel_bc 15.462328
8 1 blur_ver parallel_bc 15.549510
8 1 blur_hor execute 0.777017
8 1 blur_ver execute 0.892427
8 1 blur_hor parallel_bc 15.481440
8 1 blur_ver parallel_bc 15.405184
8 1 blur_hor execute 0.760031
8 1 blur_ver execute 0.883851
8 1 blur_hor parallel_bc 15.436679
8 1 blur_ver parallel_bc 15.408558
8 1 blur_hor execute 0.760797
8 1 blur_ver execute 0.891253
8 1 blur_hor parallel_bc 15.462854
8 1 blur_ver parallel_bc 15.397655
8 1 blur_hor execute 0.771377
8 1 blur_ver execute 0.855976
8 1 blur_hor parallel_bc 15.500142
8 1 blur_ver parallel_bc 15.417507
8 1 blur_hor execute 0.772728
8 1 blur_ver execute 0.860889
8 1 blur_hor parallel_bc 15.557063
8 1 blur_ver parallel_bc 15.397206
8 1 blur_hor execute 0.766461
8 1 blur_ver execute 0.827946
8 1 blur_hor parallel_bc 15.473822
8 1 blur_ver parallel_bc 15.481821
8 1 blur_hor execute 0.741052
8 1 blur_ver execute 0.883085
8 1 blur_hor parallel_bc 15.509592
8 1 blur_ver parallel_bc 15.457623
8 1 blur_hor execute 0.781011
8 1 blur_ver execute 0.856121
8 1 blur_hor parallel_bc 15.488807
8 1 blur_ver parallel_bc 15.558814
8 1 blur_hor execute 0.790331
8 1 blur_ver execute 0.879293
8 2 blur_hor parallel_bc 15.516023
8 2 blur_ver parallel_bc 15.465029
8 2 blur_hor execute 1.014249
8 2 blur_ver execute 1.230042
8 2 blur_hor parallel_bc 15.514704
8 2 blur_ver parallel_bc 15.441937
8 2 blur_hor execute 1.047952
8 2 blur_ver execute 1.199020
8 2 blur_hor parallel_bc 15.515018
8 2 blur_ver parallel_bc 15.515219
8 2 blur_hor execute 1.056979
8 2 blur_ver execute 1.243301
8 2 blur_hor parallel_bc 15.503876
8 2 blur_ver parallel_bc 15.532218
8 2 blur_hor execute 1.042026
8 2 blur_ver execute 1.220721
8 2 blur_hor parallel_bc 15.539947
8 2 blur_ver parallel_bc 15.429149
8 2 blur_hor execute 1.039914
8 2 blur_ver execute 1.231069
8 2 blur_hor parallel_bc 15.535859
8 2 blur_ver parallel_bc 15.538020
8 2 blur_hor execute 1.088225
8 2 blur_ver execute 1.220499
8 2 blur_hor parallel_bc 15.530448
8 2 blur_ver parallel_bc 15.485841
8 2 blur_hor execute 1.055022
8 2 blur_ver execute 1.271495
8 2 blur_hor parallel_bc 15.515064
8 2 blur_ver parallel_bc 15.482611
8 2 blur_hor execute 1.037916
8 2 blur_ver execute 1.205391
8 2 blur_hor parallel_bc 15.525666
8 2 blur_ver parallel_bc 15.501098
8 2 blur_hor execute 1.043041
8 2 blur_ver execute 1.210546
8 2 blur_hor parallel_bc 15.589236
8 2 blur_ver parallel_bc 15.463965
8 2 blur_hor execute 1.061061
8 2 blur_ver execute 1.199948
8 4 blur_hor parallel_bc 15.519331
8 4 blur_ver parallel_bc 15.508633
8 4 blur_hor execute 1.054487
8 4 blur_ver execute 1.197939
8 4 blur_hor parallel_bc 15.614318
8 4 blur_ver parallel_bc 15.531869
8 4 blur_hor execute 1.090499
8 4 blur_ver execute 1.208283
8 4 blur_hor parallel_bc 15.510616
8 4 blur_ver parallel_bc 15.534400
8 4 blur_hor execute 1.071880
8 4 blur_ver execute 1.258771
8 4 blur_hor parallel_bc 15.607572
8 4 blur_ver parallel_bc 15.583729
8 4 blur_hor execute 1.118789
8 4 blur_ver execute 1.202811
8 4 blur_hor parallel_bc 15.621144
8 4 blur_ver parallel_bc 15.491088
8 4 blur_hor execute 1.088260
8 4 blur_ver execute 1.160049
8 4 blur_hor parallel_bc 15.540629
8 4 blur_ver parallel_bc 15.685392
8 4 blur_hor execute 1.101426
8 4 blur_ver execute 1.218272
8 4 blur_hor parallel_bc 15.795606
8 4 blur_ver parallel_bc 15.510552
8 4 blur_hor execute 1.073406
8 4 blur_ver execute 1.206763
8 4 blur_hor parallel_bc 15.582870
8 4 blur_ver parallel_bc 15.548495
8 4 blur_hor execute 1.085004
8 4 blur_ver execute 1.213096
8 4 blur_hor parallel_bc 15.583345
8 4 blur_ver parallel_bc 15.635139
8 4 blur_hor execute 1.076448
8 4 blur_ver execute 1.164580
8 4 blur_hor parallel_bc 15.618662
8 4 blur_ver parallel_bc 15.620249
8 4 blur_hor execute 1.096598
8 4 blur_ver execute 1.209496
8 8 blur_hor parallel_bc 15.548903
8 8 blur_ver parallel_bc 15.525725
8 8 blur_hor execute 1.116684
8 8 blur_ver execute 1.228337
8 8 blur_hor parallel_bc 15.527467
8 8 blur_ver parallel_bc 15.541072
8 8 blur_hor execute 1.063672
8 8 blur_ver execute 1.224276
8 8 blur_hor parallel_bc 15.565596
8 8 blur_ver parallel_bc 15.501676
8 8 blur_hor execute 1.095763
8 8 blur_ver execute 1.238780
8 8 blur_hor parallel_bc 15.497609
8 8 blur_ver parallel_bc 15.644981
8 8 blur_hor execute 1.083245
8 8 blur_ver execute 1.243572
8 8 blur_hor parallel_bc 15.715408
8 8 blur_ver parallel_bc 15.587346
8 8 blur_hor execute 1.082075
8 8 blur_ver execute 1.218148
8 8 blur_hor parallel_bc 15.703796
8 8 blur_ver parallel_bc 15.509355
8 8 blur_hor execute 1.100371
8 8 blur_ver execute 1.189586
8 8 blur_hor parallel_bc 15.599392
8 8 blur_ver parallel_bc 15.437358
8 8 blur_hor execute 1.099005
8 8 blur_ver execute 1.205657
8 8 blur_hor parallel_bc 15.491307
8 8 blur_ver parallel_bc 15.476910
8 8 blur_hor execute 1.103528
8 8 blur_ver execute 1.202253
8 8 blur_hor parallel_bc 15.568631
8 8 blur_ver parallel_bc 15.552709
8 8 blur_hor execute 1.091702
8 8 blur_ver execute 1.166394
8 8 blur_hor parallel_bc 15.558254
8 8 blur_ver parallel_bc 15.525872
8 8 blur_hor execute 1.103861
8 8 blur_ver execute 1.188261
8 16 blur_hor parallel_bc 15.511408
8 16 blur_ver parallel_bc 15.568300
8 16 blur_hor execute 1.231317
8 16 blur_ver execute 1.349108
8 16 blur_hor parallel_bc 15.576911
8 16 blur_ver parallel_bc 15.520402
8 16 blur_hor execute 1.268045
8 16 blur_ver execute 1.331174
8 16 blur_hor parallel_bc 15.524041
8 16 blur_ver parallel_bc 15.530919
8 16 blur_hor execute 1.287592
8 16 blur_ver execute 1.358849
8 16 blur_hor parallel_bc 15.488439
8 16 blur_ver parallel_bc 15.562095
8 16 blur_hor execute 1.267081
8 16 blur_ver execute 1.384750
8 16 blur_hor parallel_bc 15.497315
8 16 blur_ver parallel_bc 15.554323
8 16 blur_hor execute 1.256039
8 16 blur_ver execute 1.334574
8 16 blur_hor parallel_bc 15.491287
8 16 blur_ver parallel_bc 15.516117
8 16 blur_hor execute 1.250802
8 16 blur_ver execute 1.314475
8 16 blur_hor parallel_bc 15.478864
8 16 blur_ver parallel_bc 15.442260
8 16 blur_hor execute 1.240860
8 16 blur_ver execute 1.327063
8 16 blur_hor parallel_bc 15.587362
8 16 blur_ver parallel_bc 15.559997
8 16 blur_hor execute 1.263540
8 16 blur_ver execute 1.317652
8 16 blur_hor parallel_bc 15.473104
8 16 blur_ver parallel_bc 15.464047
8 16 blur_hor execute 1.287615
8 16 blur_ver execute 1.352633
8 16 blur_hor parallel_bc 15.461218
8 16 blur_ver parallel_bc 15.478310
8 16 blur_hor execute 1.263972
8 16 blur_ver execute 1.359003
8 32 blur_hor parallel_bc 15.430096
8 32 blur_ver parallel_bc 15.416250
8 32 blur_hor execute 1.261922
8 32 blur_ver execute 1.351231
8 32 blur_hor parallel_bc 15.425216
8 32 blur_ver parallel_bc 15.457660
8 32 blur_hor execute 1.258954
8 32 blur_ver execute 1.398595
8 32 blur_hor parallel_bc 15.428659
8 32 blur_ver parallel_bc 15.574909
8 32 blur_hor execute 1.289723
8 32 blur_ver execute 1.376505
8 32 blur_hor parallel_bc 15.515349
8 32 blur_ver parallel_bc 15.459388
8 32 blur_hor execute 1.245906
8 32 blur_ver execute 1.373528
8 32 blur_hor parallel_bc 15.512701
8 32 blur_ver parallel_bc 15.478512
8 32 blur_hor execute 1.262796
8 32 blur_ver execute 1.350433
8 32 blur_hor parallel_bc 15.598553
8 32 blur_ver parallel_bc 15.409072
8 32 blur_hor execute 1.244877
8 32 blur_ver execute 1.346795
8 32 blur_hor parallel_bc 15.518475
8 32 blur_ver parallel_bc 15.417288
8 32 blur_hor execute 1.256560
8 32 blur_ver execute 1.329681
8 32 blur_hor parallel_bc 15.601574
8 32 blur_ver parallel_bc 15.474734
8 32 blur_hor execute 1.213673
8 32 blur_ver execute 1.352563
8 32 blur_hor parallel_bc 15.501577
8 32 blur_ver parallel_bc 15.455544
8 32 blur_hor execute 1.261652
8 32 blur_ver execute 1.358328
8 32 blur_hor parallel_bc 15.561013
8 32 blur_ver parallel_bc 15.482673
8 32 blur_hor execute 1.233375
8 32 blur_ver execute 1.370268
16 1 blur_hor parallel_bc 15.460697
16 1 blur_ver parallel_bc 15.461490
16 1 blur_hor execute 2.424956
16 1 blur_ver execute 2.815849
16 1 blur_hor parallel_bc 15.464828
16 1 blur_ver parallel_bc 15.392093
16 1 blur_hor execute 2.446322
16 1 blur_ver execute 2.879360
16 1 blur_hor parallel_bc 15.457837
16 1 blur_ver parallel_bc 15.377958
16 1 blur_hor execute 2.314618
16 1 blur_ver execute 2.793370
16 1 blur_hor parallel_bc 15.436706
16 1 blur_ver parallel_bc 15.413214
16 1 blur_hor execute 2.377997
16 1 blur_ver execute 2.830439
16 1 blur_hor parallel_bc 15.350630
16 1 blur_ver parallel_bc 15.386353
16 1 blur_hor execute 2.378611
16 1 blur_ver execute 2.800164
16 1 blur_hor parallel_bc 15.377704
16 1 blur_ver parallel_bc 15.421790
16 1 blur_hor execute 2.378567
16 1 blur_ver execute 2.792683
16 1 blur_hor parallel_bc 15.535752
16 1 blur_ver parallel_bc 15.469849
16 1 blur_hor execute 2.402638
16 1 blur_ver execute 2.761373
16 1 blur_hor parallel_bc 15.422958
16 1 blur_ver parallel_bc 15.431494
16 1 blur_hor execute 2.406268
16 1 blur_ver execute 2.817991
16 1 blur_hor parallel_bc 15.521970
16 1 blur_ver parallel_bc 15.390314
16 1 blur_hor execute 2.317018
16 1 blur_ver execute 2.814911
16 1 blur_hor parallel_bc 15.513479
16 1 blur_ver parallel_bc 15.426002
16 1 blur_hor execute 2.388620
16 1 blur_ver execute 2.796376
16 2 blur_hor parallel_bc 15.496143
16 2 blur_ver parallel_bc 15.553818
16 2 blur_hor execute 3.190709
16 2 blur_ver execute 3.511893
16 2 blur_hor parallel_bc 15.526302
16 2 blur_ver parallel_bc 15.608057
16 2 blur_hor execute 3.214412
16 2 blur_ver execute 3.504987
16 2 blur_hor parallel_bc 15.536364
16 2 blur_ver parallel_bc 15.498741
16 2 blur_hor execute 3.176463
16 2 blur_ver execute 3.012091
16 2 blur_hor parallel_bc 15.574751
16 2 blur_ver parallel_bc 15.466724
16 2 blur_hor execute 3.196508
16 2 blur_ver execute 3.520873
16 2 blur_hor parallel_bc 15.532158
16 2 blur_ver parallel_bc 15.441886
16 2 blur_hor execute 3.174464
16 2 blur_ver execute 3.437478
16 2 blur_hor parallel_bc 15.518066
16 2 blur_ver parallel_bc 15.507085
16 2 blur_hor execute 2.986252
16 2 blur_ver execute 3.579577
16 2 blur_hor parallel_bc 15.564269
16 2 blur_ver parallel_bc 15.609107
16 2 blur_hor execute 3.237762
16 2 blur_ver execute 3.466322
16 2 blur_hor parallel_bc 15.570481
16 2 blur_ver parallel_bc 15.432383
16 2 blur_hor execute 3.170527
16 2 blur_ver execute 3.405159
16 2 blur_hor parallel_bc 15.515789
16 2 blur_ver parallel_bc 15.474194
16 2 blur_hor execute 3.125444
16 2 blur_ver execute 3.350327
16 2 blur_hor parallel_bc 15.541806
16 2 blur_ver parallel_bc 15.451634
16 2 blur_hor execute 3.230135
16 2 blur_ver execute 3.433593
16 4 blur_hor parallel_bc 15.514098
16 4 blur_ver parallel_bc 15.475353
16 4 blur_hor execute 3.028497
16 4 blur_ver execute 3.382298
16 4 blur_hor parallel_bc 15.521420
16 4 blur_ver parallel_bc 15.494274
16 4 blur_hor execute 3.107014
16 4 blur_ver execute 3.272270
16 4 blur_hor parallel_bc 15.484203
16 4 blur_ver parallel_bc 15.503451
16 4 blur_hor execute 3.081275
16 4 blur_ver execute 3.302731
16 4 blur_hor parallel_bc 15.575825
16 4 blur_ver parallel_bc 15.524382
16 4 blur_hor execute 3.061680
16 4 blur_ver execute 3.246158
16 4 blur_hor parallel_bc 15.569782
16 4 blur_ver parallel_bc 15.489809
16 4 blur_hor execute 3.136090
16 4 blur_ver execute 3.390390
16 4 blur_hor parallel_bc 15.568752
16 4 blur_ver parallel_bc 15.441365
16 4 blur_hor execute 3.008984
16 4 blur_ver execute 3.318965
16 4 blur_hor parallel_bc 15.555064
16 4 blur_ver parallel_bc 15.516533
16 4 blur_hor execute 3.045624
16 4 blur_ver execute 3.405716
16 4 blur_hor parallel_bc 15.631296
16 4 blur_ver parallel_bc 15.485088
16 4 blur_hor execute 3.060433
16 4 blur_ver execute 3.302344
16 4 blur_hor parallel_bc 15.547867
16 4 blur_ver parallel_bc 15.511357
16 4 blur_hor execute 3.099018
16 4 blur_ver execute 3.205754
16 4 blur_hor parallel_bc 15.484164
16 4 blur_ver parallel_bc 15.545613
16 4 blur_hor execute 3.010940
16 4 blur_ver execute 3.411632
16 8 blur_hor parallel_bc 15.485518
16 8 blur_ver parallel_bc 15.427240
16 8 blur_hor execute 3.440050
16 8 blur_ver execute 3.628452
16 8 blur_hor parallel_bc 15.497298
16 8 blur_ver parallel_bc 15.478132
16 8 blur_hor execute 3.457540
16 8 blur_ver execute 3.546155
16 8 blur_hor parallel_bc 15.663824
16 8 blur_ver parallel_bc 15.468396
16 8 blur_hor execute 3.348239
16 8 blur_ver execute 3.588018
16 8 blur_hor parallel_bc 15.530172
16 8 blur_ver parallel_bc 15.409551
16 8 blur_hor execute 3.435961
16 8 blur_ver execute 3.562974
16 8 blur_hor parallel_bc 15.466095
16 8 blur_ver parallel_bc 15.550988
16 8 blur_hor execute 3.418076
16 8 blur_ver execute 3.483790
16 8 blur_hor parallel_bc 15.449298
16 8 blur_ver parallel_bc 15.499258
16 8 blur_hor execute 3.447521
16 8 blur_ver execute 3.584301
16 8 blur_hor parallel_bc 15.454478
16 8 blur_ver parallel_bc 15.502377
16 8 blur_hor execute 3.386422
16 8 blur_ver execute 3.567256
16 8 blur_hor parallel_bc 15.483815
16 8 blur_ver parallel_bc 15.501437
16 8 blur_hor execute 3.462534
16 8 blur_ver execute 3.642690
16 8 blur_hor parallel_bc 15.454829
16 8 blur_ver parallel_bc 15.484466
16 8 blur_hor execute 3.491278
16 8 blur_ver execute 3.512946
16 8 blur_hor parallel_bc 15.457852
16 8 blur_ver parallel_bc 15.428265
16 8 blur_hor execute 3.368689
16 8 blur_ver execute 3.591555
16 16 blur_hor parallel_bc 15.570336
16 16 blur_ver parallel_bc 15.474794
16 16 blur_hor execute 3.432833
16 16 blur_ver execute 3.581161
16 16 blur_hor parallel_bc 15.497276
16 16 blur_ver parallel_bc 15.479447
16 16 blur_hor execute 3.398083
16 16 blur_ver execute 3.588543
16 16 blur_hor parallel_bc 15.533309
16 16 blur_ver parallel_bc 15.570613
16 16 blur_hor execute 3.513004
16 16 blur_ver execute 3.635863
16 16 blur_hor parallel_bc 15.549042
16 16 blur_ver parallel_bc 15.469305
16 16 blur_hor execute 3.441530
16 16 blur_ver execute 3.649666
16 16 blur_hor parallel_bc 15.439543
16 16 blur_ver parallel_bc 15.473865
16 16 blur_hor execute 3.368062
16 16 blur_ver execute 3.387037
16 16 blur_hor parallel_bc 15.457552
16 16 blur_ver parallel_bc 15.415793
16 16 blur_hor execute 3.453025
16 16 blur_ver execute 3.589510
16 16 blur_hor parallel_bc 15.463573
16 16 blur_ver parallel_bc 15.448941
16 16 blur_hor execute 3.421737
16 16 blur_ver execute 3.628466
16 16 blur_hor parallel_bc 15.562405
16 16 blur_ver parallel_bc 15.475832
16 16 blur_hor execute 3.401141
16 16 blur_ver execute 3.588872
16 16 blur_hor parallel_bc 15.470509
16 16 blur_ver parallel_bc 15.507368
16 16 blur_hor execute 3.397050
16 16 blur_ver execute 3.633202
16 16 blur_hor parallel_bc 15.596630
16 16 blur_ver parallel_bc 15.472524
16 16 blur_hor execute 3.399645
16 16 blur_ver execute 3.565139
16 32 blur_hor parallel_bc 15.558740
16 32 blur_ver parallel_bc 15.515686
16 32 blur_hor execute 5.599151
16 32 blur_ver execute 6.059835
16 32 blur_hor parallel_bc 15.476776
16 32 blur_ver parallel_bc 15.499456
16 32 blur_hor execute 5.718225
16 32 blur_ver execute 5.988708
16 32 blur_hor parallel_bc 15.465367
16 32 blur_ver parallel_bc 15.498716
16 32 blur_hor execute 5.779671
16 32 blur_ver execute 5.799698
16 32 blur_hor parallel_bc 15.562957
16 32 blur_ver parallel_bc 15.459599
16 32 blur_hor execute 5.703609
16 32 blur_ver execute 6.040784
16 32 blur_hor parallel_bc 15.479751
16 32 blur_ver parallel_bc 15.488302
16 32 blur_hor execute 5.595923
16 32 blur_ver execute 6.006458
16 32 blur_hor parallel_bc 15.435524
16 32 blur_ver parallel_bc 15.513703
16 32 blur_hor execute 5.687645
16 32 blur_ver execute 5.928016
16 32 blur_hor parallel_bc 15.543833
16 32 blur_ver parallel_bc 15.492069
16 32 blur_hor execute 5.749010
16 32 blur_ver execute 5.841523
16 32 blur_hor parallel_bc 15.417660
16 32 blur_ver parallel_bc 15.457974
16 32 blur_hor execute 5.783863
16 32 blur_ver execute 5.941373
16 32 blur_hor parallel_bc 15.557220
16 32 blur_ver parallel_bc 15.520099
16 32 blur_hor execute 5.687486
16 32 blur_ver execute 5.971887
16 32 blur_hor parallel_bc 15.512326
16 32 blur_ver parallel_bc 15.483974
16 32 blur_hor execute 5.500244
16 32 blur_ver execute 6.132163
32 1 blur_hor parallel_bc 15.510658
32 1 blur_ver parallel_bc 15.478870
32 1 blur_hor execute 2.530747
32 1 blur_ver execute 2.856640
32 1 blur_hor parallel_bc 15.471008
32 1 blur_ver parallel_bc 15.384111
32 1 blur_hor execute 2.533779
32 1 blur_ver execute 2.796886
32 1 blur_hor parallel_bc 15.479987
32 1 blur_ver parallel_bc 15.404671
32 1 blur_hor execute 2.565964
32 1 blur_ver execute 2.813474
32 1 blur_hor parallel_bc 15.515762
32 1 blur_ver parallel_bc 15.489659
32 1 blur_hor execute 2.630832
32 1 blur_ver execute 2.769626
32 1 blur_hor parallel_bc 15.385591
32 1 blur_ver parallel_bc 15.487831
32 1 blur_hor execute 2.570543
32 1 blur_ver execute 2.509377
32 1 blur_hor parallel_bc 15.458516
32 1 blur_ver parallel_bc 15.439786
32 1 blur_hor execute 2.569964
32 1 blur_ver execute 2.802678
32 1 blur_hor parallel_bc 15.491733
32 1 blur_ver parallel_bc 15.425503
32 1 blur_hor execute 2.587763
32 1 blur_ver execute 2.822477
32 1 blur_hor parallel_bc 15.487572
32 1 blur_ver parallel_bc 15.395088
32 1 blur_hor execute 2.513139
32 1 blur_ver execute 2.499430
32 1 blur_hor parallel_bc 15.515322
32 1 blur_ver parallel_bc 15.482653
32 1 blur_hor execute 2.568454
32 1 blur_ver execute 2.865361
32 1 blur_hor parallel_bc 15.524484
32 1 blur_ver parallel_bc 15.453089
32 1 blur_hor execute 2.539567
32 1 blur_ver execute 2.789776
32 2 blur_hor parallel_bc 15.549951
32 2 blur_ver parallel_bc 15.496673
32 2 blur_hor execute 3.530468
32 2 blur_ver execute 3.544113
32 2 blur_hor parallel_bc 15.593758
32 2 blur_ver parallel_bc 15.466829
32 2 blur_hor execute 3.609380
32 2 blur_ver execute 3.545257
32 2 blur_hor parallel_bc 15.573207
32 2 blur_ver parallel_bc 15.543801
32 2 blur_hor execute 3.685136
32 2 blur_ver execute 3.631863
32 2 blur_hor parallel_bc 15.556740
32 2 blur_ver parallel_bc 15.538762
32 2 blur_hor execute 3.545978
32 2 blur_ver execute 3.664987
32 2 blur_hor parallel_bc 15.492472
32 2 blur_ver parallel_bc 15.578732
32 2 blur_hor execute 3.604641
32 2 blur_ver execute 3.683354
32 2 blur_hor parallel_bc 15.561921
32 2 blur_ver parallel_bc 15.531254
32 2 blur_hor execute 3.616743
32 2 blur_ver execute 3.704829
32 2 blur_hor parallel_bc 15.456116
32 2 blur_ver parallel_bc 15.444765
32 2 blur_hor execute 3.573277
32 2 blur_ver execute 3.718738
32 2 blur_hor parallel_bc 15.546279
32 2 blur_ver parallel_bc 15.504897
32 2 blur_hor execute 3.585706
32 2 blur_ver execute 3.660129
32 2 blur_hor parallel_bc 15.502762
32 2 blur_ver parallel_bc 15.461689
32 2 blur_hor execute 3.543212
32 2 blur_ver execute 3.795920
32 2 blur_hor parallel_bc 15.541133
32 2 blur_ver parallel_bc 15.569774
32 2 blur_hor execute 3.610014
32 2 blur_ver execute 3.746047
32 4 blur_hor parallel_bc 15.546998
32 4 blur_ver parallel_bc 15.511619
32 4 blur_hor execute 3.744717
32 4 blur_ver execute 3.789130
32 4 blur_hor parallel_bc 15.544574
32 4 blur_ver parallel_bc 15.444326
32 4 blur_hor execute 3.677771
32 4 blur_ver execute 3.655720
32 4 blur_hor parallel_bc 15.583279
32 4 blur_ver parallel_bc 15.530485
32 4 blur_hor execute 3.548185
32 4 blur_ver execute 3.753638
32 4 blur_hor parallel_bc 15.562111
32 4 blur_ver parallel_bc 15.542620
32 4 blur_hor execute 3.728250
32 4 blur_ver execute 3.861513
32 4 blur_hor parallel_bc 15.543636
32 4 blur_ver parallel_bc 15.481277
32 4 blur_hor execute 3.734825
32 4 blur_ver execute 3.804143
32 4 blur_hor parallel_bc 15.531632
32 4 blur_ver parallel_bc 15.562558
32 4 blur_hor execute 3.753412
32 4 blur_ver execute 3.844178
32 4 blur_hor parallel_bc 15.528782
32 4 blur_ver parallel_bc 15.527551
32 4 blur_hor execute 3.774668
32 4 blur_ver execute 3.787026
32 4 blur_hor parallel_bc 15.565615
32 4 blur_ver parallel_bc 15.586526
32 4 blur_hor execute 3.813530
32 4 blur_ver execute 3.824160
32 4 blur_hor parallel_bc 15.507302
32 4 blur_ver parallel_bc 15.741035
32 4 blur_hor execute 3.753497
32 4 blur_ver execute 3.772682
32 4 blur_hor parallel_bc 15.466993
32 4 blur_ver parallel_bc 15.543605
32 4 blur_hor execute 3.795230
32 4 blur_ver execute 3.576836
32 8 blur_hor parallel_bc 15.549263
32 8 blur_ver parallel_bc 15.477898
32 8 blur_hor execute 4.141743
32 8 blur_ver execute 4.227686
32 8 blur_hor parallel_bc 15.490494
32 8 blur_ver parallel_bc 15.503800
32 8 blur_hor execute 4.189536
32 8 blur_ver execute 4.094560
32 8 blur_hor parallel_bc 15.423814
32 8 blur_ver parallel_bc 15.437426
32 8 blur_hor execute 4.129898
32 8 blur_ver execute 4.193921
32 8 blur_hor parallel_bc 15.454322
32 8 blur_ver parallel_bc 15.496697
32 8 blur_hor execute 4.051720
32 8 blur_ver execute 4.226070
32 8 blur_hor parallel_bc 15.523599
32 8 blur_ver parallel_bc 15.474166
32 8 blur_hor execute 4.167845
32 8 blur_ver execute 4.224276
32 8 blur_hor parallel_bc 15.522901
32 8 blur_ver parallel_bc 15.450702
32 8 blur_hor execute 4.223036
32 8 blur_ver execute 4.238036
32 8 blur_hor parallel_bc 15.471392
32 8 blur_ver parallel_bc 15.514942
32 8 blur_hor execute 4.204924
32 8 blur_ver execute 4.239371
32 8 blur_hor parallel_bc 15.470360
32 8 blur_ver parallel_bc 15.515777
32 8 blur_hor execute 4.250204
32 8 blur_ver execute 4.174320
32 8 blur_hor parallel_bc 15.442259
32 8 blur_ver parallel_bc 15.485670
32 8 blur_hor execute 4.211760
32 8 blur_ver execute 4.242137
32 8 blur_hor parallel_bc 15.516088
32 8 blur_ver parallel_bc 15.459964
32 8 blur_hor execute 4.174254
32 8 blur_ver execute 4.091103
32 16 blur_hor parallel_bc 15.521671
32 16 blur_ver parallel_bc 15.495031
32 16 blur_hor execute 6.237134
32 16 blur_ver execute 6.698734
32 16 blur_hor parallel_bc 15.486259
32 16 blur_ver parallel_bc 15.461091
32 16 blur_hor execute 6.201816
32 16 blur_ver execute 6.547840
32 16 blur_hor parallel_bc 15.608408
32 16 blur_ver parallel_bc 15.467671
32 16 blur_hor execute 6.217466
32 16 blur_ver execute 6.583833
32 16 blur_hor parallel_bc 15.486804
32 16 blur_ver parallel_bc 15.476281
32 16 blur_hor execute 6.260875
32 16 blur_ver execute 6.323000
32 16 blur_hor parallel_bc 15.484646
32 16 blur_ver parallel_bc 15.622847
32 16 blur_hor execute 6.414877
32 16 blur_ver execute 6.552893
32 16 blur_hor parallel_bc 15.571281
32 16 blur_ver parallel_bc 15.501137
32 16 blur_hor execute 6.133105
32 16 blur_ver execute 6.805276
32 16 blur_hor parallel_bc 15.492508
32 16 blur_ver parallel_bc 15.466787
32 16 blur_hor execute 6.167150
32 16 blur_ver execute 6.362304
32 16 blur_hor parallel_bc 15.480475
32 16 blur_ver parallel_bc 15.472528
32 16 blur_hor execute 6.297413
32 16 blur_ver execute 6.523140
32 16 blur_hor parallel_bc 15.459792
32 16 blur_ver parallel_bc 15.444449
32 16 blur_hor execute 6.246306
32 16 blur_ver execute 6.017468
32 16 blur_hor parallel_bc 15.507557
32 16 blur_ver parallel_bc 15.472424
32 16 blur_hor execute 6.164573
32 16 blur_ver execute 6.441144
32 32 blur_hor parallel_bc 15.516442
32 32 blur_ver parallel_bc 15.539234
32 32 blur_hor execute 5.778248
32 32 blur_ver execute 6.410806
32 32 blur_hor parallel_bc 15.553015
32 32 blur_ver parallel_bc 15.491652
32 32 blur_hor execute 6.117412
32 32 blur_ver execute 6.651120
32 32 blur_hor parallel_bc 15.517118
32 32 blur_ver parallel_bc 15.507665
32 32 blur_hor execute 6.175149
32 32 blur_ver execute 6.116981
32 32 blur_hor parallel_bc 15.509747
32 32 blur_ver parallel_bc 15.532010
32 32 blur_hor execute 6.188043
32 32 blur_ver execute 6.649067
32 32 blur_hor parallel_bc 15.494951
32 32 blur_ver parallel_bc 15.519485
32 32 blur_hor execute 6.086441
32 32 blur_ver execute 6.566730
32 32 blur_hor parallel_bc 15.617754
32 32 blur_ver parallel_bc 15.593056
32 32 blur_hor execute 6.541047
32 32 blur_ver execute 6.681953
32 32 blur_hor parallel_bc 15.640217
32 32 blur_ver parallel_bc 15.583518
32 32 blur_hor execute 5.834043
32 32 blur_ver execute 6.609547
32 32 blur_hor parallel_bc 15.509415
32 32 blur_ver parallel_bc 15.564415
32 32 blur_hor execute 5.906550
32 32 blur_ver execute 6.532616
32 32 blur_hor parallel_bc 15.492209
32 32 blur_ver parallel_bc 15.566187
32 32 blur_hor execute 6.163491
32 32 blur_ver execute 6.692139
32 32 blur_hor parallel_bc 15.620176
32 32 blur_ver parallel_bc 15.526813
32 32 blur_hor execute 6.270474
32 32 blur_ver execute 6.534714
